#
# There is insufficient memory for the Java Runtime Environment to continue.
# Native memory allocation (malloc) failed to allocate 988496 bytes. Error detail: Chunk::new
# Possible reasons:
#   The system is out of physical RAM or swap space
#   This process is running with CompressedOops enabled, and the Java Heap may be blocking the growth of the native heap
# Possible solutions:
#   Reduce memory load on the system
#   Increase physical memory or swap space
#   Check if swap backing store is full
#   Decrease Java heap size (-Xmx/-Xms)
#   Decrease number of Java threads
#   Decrease Java thread stack sizes (-Xss)
#   Set larger code cache with -XX:ReservedCodeCacheSize=
#   JVM is running with Unscaled Compressed Oops mode in which the Java heap is
#     placed in the first 4GB address space. The Java Heap base address is the
#     maximum limit for the native heap growth. Please use -XX:HeapBaseMinAddress
#     to set the Java Heap base and to place the Java Heap above 4GB virtual address.
# This output file may be truncated or incomplete.
#
#  Out of Memory Error (arena.cpp:168), pid=22248, tid=12592
#
# JRE version: OpenJDK Runtime Environment Temurin-21.0.8+9 (21.0.8+9) (build 21.0.8+9-LTS)
# Java VM: OpenJDK 64-Bit Server VM Temurin-21.0.8+9 (21.0.8+9-LTS, mixed mode, sharing, tiered, compressed oops, compressed class ptrs, g1 gc, windows-amd64)
# No core dump will be written. Minidumps are not enabled by default on client versions of Windows
#

---------------  S U M M A R Y ------------

Command Line: -Dfile.encoding=UTF-8 -Dstdout.encoding=UTF-8 -Dstderr.encoding=UTF-8 -XX:+ShowCodeDetailsInExceptionMessages com.shopzen.ecommerce_api.EcommerceApiApplication

Host: Intel(R) Core(TM) i5-10300H CPU @ 2.50GHz, 8 cores, 7G,  Windows 11 , 64 bit Build 26100 (10.0.26100.8875)
Time: Mon Jul 20 16:27:10 2026 India Standard Time elapsed time: 10701.227268 seconds (0d 2h 58m 21s)

---------------  T H R E A D  ---------------

Current thread (0x0000027cfeb81d60):  JavaThread "C2 CompilerThread0" daemon [_thread_in_native, id=12592, stack(0x000000ac88900000,0x000000ac88a00000) (1024K)]


Current CompileTask:
C2:10701227 17802   !   4       jdk.internal.loader.BuiltinClassLoader::findClassOnClassPathOrNull (64 bytes)

Stack: [0x000000ac88900000,0x000000ac88a00000]
Native frames: (J=compiled Java code, j=interpreted, Vv=VM code, C=native code)
V  [jvm.dll+0x6d2449]
V  [jvm.dll+0x8ae341]
V  [jvm.dll+0x8b08be]
V  [jvm.dll+0x8b0fa3]
V  [jvm.dll+0x280c96]
V  [jvm.dll+0xc581d]
V  [jvm.dll+0xc5d53]
V  [jvm.dll+0x2f539d]
V  [jvm.dll+0x5fa00a]
V  [jvm.dll+0x252092]
V  [jvm.dll+0x25244f]
V  [jvm.dll+0x24ad14]
V  [jvm.dll+0x2483a4]
V  [jvm.dll+0x1c89ee]
V  [jvm.dll+0x257d4d]
V  [jvm.dll+0x2562ea]
V  [jvm.dll+0x3f2d16]
V  [jvm.dll+0x857e6b]
V  [jvm.dll+0x6d0b0d]
C  [ucrtbase.dll+0x2cd30]
C  [KERNEL32.DLL+0x2e957]
C  [ntdll.dll+0xaad6c]


---------------  P R O C E S S  ---------------

Threads class SMR info:
_java_thread_list=0x0000027cc6d773b0, length=28, elements={
0x0000027cfeb67ac0, 0x0000027cfeb6c530, 0x0000027cfeb6e010, 0x0000027cfeb6fa70,
0x0000027cfeb70a00, 0x0000027cfeb7ca90, 0x0000027cfeb81d60, 0x0000027cfeb87000,
0x0000027cfecde980, 0x0000027cfecdfd30, 0x0000027cfece03c0, 0x0000027cfecdf6a0,
0x0000027cc8d4eb30, 0x0000027cc8d4f1c0, 0x0000027cc8d4d780, 0x0000027cc8d51290,
0x0000027cc8d50c00, 0x0000027cc8d4de10, 0x0000027cc8d4fee0, 0x0000027cc8d4e4a0,
0x0000027cc8d51fb0, 0x0000027cc8d51920, 0x0000027cc8d53360, 0x0000027cc8d52640,
0x0000027cc8d52cd0, 0x0000027cc8d50570, 0x0000027cc8d539f0, 0x0000027cc8d54080
}

Java Threads: ( => current thread )
  0x0000027cfeb67ac0 JavaThread "Reference Handler"          daemon [_thread_blocked, id=2188, stack(0x000000ac88300000,0x000000ac88400000) (1024K)]
  0x0000027cfeb6c530 JavaThread "Finalizer"                  daemon [_thread_blocked, id=22732, stack(0x000000ac88400000,0x000000ac88500000) (1024K)]
  0x0000027cfeb6e010 JavaThread "Signal Dispatcher"          daemon [_thread_blocked, id=8056, stack(0x000000ac88500000,0x000000ac88600000) (1024K)]
  0x0000027cfeb6fa70 JavaThread "Attach Listener"            daemon [_thread_blocked, id=2888, stack(0x000000ac88600000,0x000000ac88700000) (1024K)]
  0x0000027cfeb70a00 JavaThread "Service Thread"             daemon [_thread_blocked, id=6624, stack(0x000000ac88700000,0x000000ac88800000) (1024K)]
  0x0000027cfeb7ca90 JavaThread "Monitor Deflation Thread"   daemon [_thread_blocked, id=26228, stack(0x000000ac88800000,0x000000ac88900000) (1024K)]
=>0x0000027cfeb81d60 JavaThread "C2 CompilerThread0"         daemon [_thread_in_native, id=12592, stack(0x000000ac88900000,0x000000ac88a00000) (1024K)]
  0x0000027cfeb87000 JavaThread "C1 CompilerThread0"         daemon [_thread_blocked, id=10908, stack(0x000000ac88a00000,0x000000ac88b00000) (1024K)]
  0x0000027cfecde980 JavaThread "Notification Thread"        daemon [_thread_blocked, id=23164, stack(0x000000ac88b00000,0x000000ac88c00000) (1024K)]
  0x0000027cfecdfd30 JavaThread "Common-Cleaner"             daemon [_thread_blocked, id=884, stack(0x000000ac88c00000,0x000000ac88d00000) (1024K)]
  0x0000027cfece03c0 JavaThread "mysql-cj-abandoned-connection-cleanup" daemon [_thread_blocked, id=20364, stack(0x000000ac89600000,0x000000ac89700000) (1024K)]
  0x0000027cfecdf6a0 JavaThread "HikariPool-1 housekeeper"   daemon [_thread_blocked, id=32872, stack(0x000000ac89800000,0x000000ac89900000) (1024K)]
  0x0000027cc8d4eb30 JavaThread "Catalina-utility-1"                [_thread_blocked, id=33932, stack(0x000000ac89a00000,0x000000ac89b00000) (1024K)]
  0x0000027cc8d4f1c0 JavaThread "Catalina-utility-2"                [_thread_blocked, id=30460, stack(0x000000ac89b00000,0x000000ac89c00000) (1024K)]
  0x0000027cc8d4d780 JavaThread "container-0"                       [_thread_blocked, id=1608, stack(0x000000ac89c00000,0x000000ac89d00000) (1024K)]
  0x0000027cc8d51290 JavaThread "http-nio-8080-exec-1"       daemon [_thread_blocked, id=33648, stack(0x000000ac89900000,0x000000ac89a00000) (1024K)]
  0x0000027cc8d50c00 JavaThread "http-nio-8080-exec-2"       daemon [_thread_blocked, id=35356, stack(0x000000ac89d00000,0x000000ac89e00000) (1024K)]
  0x0000027cc8d4de10 JavaThread "http-nio-8080-exec-3"       daemon [_thread_blocked, id=32228, stack(0x000000ac89e00000,0x000000ac89f00000) (1024K)]
  0x0000027cc8d4fee0 JavaThread "http-nio-8080-exec-4"       daemon [_thread_blocked, id=29308, stack(0x000000ac89f00000,0x000000ac8a000000) (1024K)]
  0x0000027cc8d4e4a0 JavaThread "http-nio-8080-exec-5"       daemon [_thread_blocked, id=11416, stack(0x000000ac8a000000,0x000000ac8a100000) (1024K)]
  0x0000027cc8d51fb0 JavaThread "http-nio-8080-exec-6"       daemon [_thread_blocked, id=23484, stack(0x000000ac8a100000,0x000000ac8a200000) (1024K)]
  0x0000027cc8d51920 JavaThread "http-nio-8080-exec-7"       daemon [_thread_blocked, id=35688, stack(0x000000ac8a200000,0x000000ac8a300000) (1024K)]
  0x0000027cc8d53360 JavaThread "http-nio-8080-exec-8"       daemon [_thread_blocked, id=36408, stack(0x000000ac8a300000,0x000000ac8a400000) (1024K)]
  0x0000027cc8d52640 JavaThread "http-nio-8080-exec-9"       daemon [_thread_blocked, id=22736, stack(0x000000ac8a400000,0x000000ac8a500000) (1024K)]
  0x0000027cc8d52cd0 JavaThread "http-nio-8080-exec-10"      daemon [_thread_blocked, id=35264, stack(0x000000ac8a500000,0x000000ac8a600000) (1024K)]
  0x0000027cc8d50570 JavaThread "http-nio-8080-Poller"       daemon [_thread_in_native, id=31504, stack(0x000000ac8a600000,0x000000ac8a700000) (1024K)]
  0x0000027cc8d539f0 JavaThread "http-nio-8080-Acceptor"     daemon [_thread_in_native, id=25452, stack(0x000000ac8a700000,0x000000ac8a800000) (1024K)]
  0x0000027cc8d54080 JavaThread "DestroyJavaVM"                     [_thread_blocked, id=2908, stack(0x000000ac87b00000,0x000000ac87c00000) (1024K)]
Total: 28

Other Threads:
  0x0000027cfeb4afd0 VMThread "VM Thread"                           [id=15860, stack(0x000000ac88200000,0x000000ac88300000) (1024K)]
  0x0000027cfeb39ac0 WatcherThread "VM Periodic Task Thread"        [id=28996, stack(0x000000ac88100000,0x000000ac88200000) (1024K)]
  0x0000027ce6d7f350 WorkerThread "GC Thread#0"                     [id=28408, stack(0x000000ac87c00000,0x000000ac87d00000) (1024K)]
  0x0000027cc51269f0 WorkerThread "GC Thread#1"                     [id=23268, stack(0x000000ac88e00000,0x000000ac88f00000) (1024K)]
  0x0000027cc5126d90 WorkerThread "GC Thread#2"                     [id=24032, stack(0x000000ac88f00000,0x000000ac89000000) (1024K)]
  0x0000027cff4933a0 WorkerThread "GC Thread#3"                     [id=32396, stack(0x000000ac89000000,0x000000ac89100000) (1024K)]
  0x0000027cff74f290 WorkerThread "GC Thread#4"                     [id=33028, stack(0x000000ac89100000,0x000000ac89200000) (1024K)]
  0x0000027cff495fa0 WorkerThread "GC Thread#5"                     [id=39436, stack(0x000000ac89200000,0x000000ac89300000) (1024K)]
  0x0000027cc55d6720 WorkerThread "GC Thread#6"                     [id=39176, stack(0x000000ac89400000,0x000000ac89500000) (1024K)]
  0x0000027cc55d6ac0 WorkerThread "GC Thread#7"                     [id=17512, stack(0x000000ac89500000,0x000000ac89600000) (1024K)]
  0x0000027ce6d915a0 ConcurrentGCThread "G1 Main Marker"            [id=22488, stack(0x000000ac87d00000,0x000000ac87e00000) (1024K)]
  0x0000027ce6d93c70 WorkerThread "G1 Conc#0"                       [id=18044, stack(0x000000ac87e00000,0x000000ac87f00000) (1024K)]
  0x0000027cc5da11b0 WorkerThread "G1 Conc#1"                       [id=27688, stack(0x000000ac89300000,0x000000ac89400000) (1024K)]
  0x0000027cfea001e0 ConcurrentGCThread "G1 Refine#0"               [id=12416, stack(0x000000ac87f00000,0x000000ac88000000) (1024K)]
  0x0000027cfea00a00 ConcurrentGCThread "G1 Service"                [id=17164, stack(0x000000ac88000000,0x000000ac88100000) (1024K)]
Total: 15

Threads with active compile tasks:
C2 CompilerThread0  10701381 17802   !   4       jdk.internal.loader.BuiltinClassLoader::findClassOnClassPathOrNull (64 bytes)
Total: 1

VM state: not at safepoint (normal execution)

VM Mutex/Monitor currently owned by a thread: None

Heap address: 0x0000000082800000, size: 2008 MB, Compressed Oops mode: 32-bit

CDS archive(s) mapped at: [0x0000027c80000000-0x0000027c80c80000-0x0000027c80c80000), size 13107200, SharedBaseAddress: 0x0000027c80000000, ArchiveRelocationMode: 1.
Compressed class space mapped at: 0x0000027c81000000-0x0000027cc1000000, reserved size: 1073741824
Narrow klass base: 0x0000027c80000000, Narrow klass shift: 0, Narrow klass range: 0x100000000

GC Precious Log:
 CardTable entry size: 512
 Card Set container configuration: InlinePtr #cards 5 size 8 Array Of Cards #cards 12 size 40 Howl #buckets 4 coarsen threshold 1843 Howl Bitmap #cards 512 size 80 coarsen threshold 460 Card regions per heap region 1 cards per card region 2048
 CPUs: 8 total, 8 available
 Memory: 8029M
 Large Page Support: Disabled
 NUMA Support: Disabled
 Compressed Oops: Enabled (32-bit)
 Heap Region Size: 1M
 Heap Min Capacity: 8M
 Heap Initial Capacity: 126M
 Heap Max Capacity: 2008M
 Pre-touch: Disabled
 Parallel Workers: 8
 Concurrent Workers: 2
 Concurrent Refinement Workers: 8
 Periodic GC: Disabled

Heap:
 garbage-first heap   total 149504K, used 64333K [0x0000000082800000, 0x0000000100000000)
  region size 1024K, 13 young (13312K), 5 survivors (5120K)
 Metaspace       used 97730K, committed 99072K, reserved 1179648K
  class space    used 12503K, committed 13120K, reserved 1048576K

Heap Regions: E=young(eden), S=young(survivor), O=old, HS=humongous(starts), HC=humongous(continues), CS=collection set, F=free, TAMS=top-at-mark-start, PB=parsable bottom
|   0|0x0000000082800000, 0x0000000082900000, 0x0000000082900000|100%|HS|  |TAMS 0x0000000082800000| PB 0x0000000082800000| Complete 
|   1|0x0000000082900000, 0x0000000082a00000, 0x0000000082a00000|100%| O|  |TAMS 0x0000000082900000| PB 0x0000000082900000| Untracked 
|   2|0x0000000082a00000, 0x0000000082b00000, 0x0000000082b00000|100%| O|  |TAMS 0x0000000082a00000| PB 0x0000000082a00000| Untracked 
|   3|0x0000000082b00000, 0x0000000082c00000, 0x0000000082c00000|100%| O|  |TAMS 0x0000000082b00000| PB 0x0000000082b00000| Untracked 
|   4|0x0000000082c00000, 0x0000000082d00000, 0x0000000082d00000|100%| O|  |TAMS 0x0000000082c00000| PB 0x0000000082c00000| Untracked 
|   5|0x0000000082d00000, 0x0000000082e00000, 0x0000000082e00000|100%| O|  |TAMS 0x0000000082d00000| PB 0x0000000082d00000| Untracked 
|   6|0x0000000082e00000, 0x0000000082f00000, 0x0000000082f00000|100%| O|  |TAMS 0x0000000082e00000| PB 0x0000000082e00000| Untracked 
|   7|0x0000000082f00000, 0x0000000083000000, 0x0000000083000000|100%| O|  |TAMS 0x0000000082f00000| PB 0x0000000082f00000| Untracked 
|   8|0x0000000083000000, 0x0000000083000000, 0x0000000083100000|  0%| F|  |TAMS 0x0000000083000000| PB 0x0000000083000000| Untracked 
|   9|0x0000000083100000, 0x0000000083200000, 0x0000000083200000|100%| O|  |TAMS 0x0000000083100000| PB 0x0000000083100000| Untracked 
|  10|0x0000000083200000, 0x0000000083300000, 0x0000000083300000|100%| O|  |TAMS 0x0000000083200000| PB 0x0000000083200000| Untracked 
|  11|0x0000000083300000, 0x0000000083400000, 0x0000000083400000|100%| O|  |TAMS 0x0000000083300000| PB 0x0000000083300000| Untracked 
|  12|0x0000000083400000, 0x0000000083500000, 0x0000000083500000|100%| O|  |TAMS 0x0000000083400000| PB 0x0000000083400000| Untracked 
|  13|0x0000000083500000, 0x0000000083600000, 0x0000000083600000|100%| O|  |TAMS 0x0000000083500000| PB 0x0000000083500000| Untracked 
|  14|0x0000000083600000, 0x0000000083700000, 0x0000000083700000|100%| O|  |TAMS 0x0000000083600000| PB 0x0000000083600000| Untracked 
|  15|0x0000000083700000, 0x0000000083800000, 0x0000000083800000|100%| O|  |TAMS 0x0000000083700000| PB 0x0000000083700000| Untracked 
|  16|0x0000000083800000, 0x0000000083900000, 0x0000000083900000|100%| O|  |TAMS 0x0000000083800000| PB 0x0000000083800000| Untracked 
|  17|0x0000000083900000, 0x0000000083a00000, 0x0000000083a00000|100%| O|  |TAMS 0x0000000083900000| PB 0x0000000083900000| Untracked 
|  18|0x0000000083a00000, 0x0000000083b00000, 0x0000000083b00000|100%| O|  |TAMS 0x0000000083a00000| PB 0x0000000083a00000| Untracked 
|  19|0x0000000083b00000, 0x0000000083c00000, 0x0000000083c00000|100%| O|  |TAMS 0x0000000083b00000| PB 0x0000000083b00000| Untracked 
|  20|0x0000000083c00000, 0x0000000083d00000, 0x0000000083d00000|100%| O|  |TAMS 0x0000000083c00000| PB 0x0000000083c00000| Untracked 
|  21|0x0000000083d00000, 0x0000000083e00000, 0x0000000083e00000|100%| O|Cm|TAMS 0x0000000083d00000| PB 0x0000000083d00000| Complete 
|  22|0x0000000083e00000, 0x0000000083f00000, 0x0000000083f00000|100%| O|Cm|TAMS 0x0000000083e00000| PB 0x0000000083e00000| Complete 
|  23|0x0000000083f00000, 0x0000000084000000, 0x0000000084000000|100%| O|  |TAMS 0x0000000083f00000| PB 0x0000000083f00000| Untracked 
|  24|0x0000000084000000, 0x0000000084100000, 0x0000000084100000|100%| O|  |TAMS 0x0000000084000000| PB 0x0000000084000000| Untracked 
|  25|0x0000000084100000, 0x0000000084200000, 0x0000000084200000|100%| O|Cm|TAMS 0x0000000084100000| PB 0x0000000084100000| Complete 
|  26|0x0000000084200000, 0x0000000084300000, 0x0000000084300000|100%| O|  |TAMS 0x0000000084200000| PB 0x0000000084200000| Untracked 
|  27|0x0000000084300000, 0x0000000084400000, 0x0000000084400000|100%| O|  |TAMS 0x0000000084300000| PB 0x0000000084300000| Untracked 
|  28|0x0000000084400000, 0x0000000084500000, 0x0000000084500000|100%| O|  |TAMS 0x0000000084400000| PB 0x0000000084400000| Untracked 
|  29|0x0000000084500000, 0x0000000084600000, 0x0000000084600000|100%| O|  |TAMS 0x0000000084500000| PB 0x0000000084500000| Untracked 
|  30|0x0000000084600000, 0x0000000084700000, 0x0000000084700000|100%| O|  |TAMS 0x0000000084600000| PB 0x0000000084600000| Untracked 
|  31|0x0000000084700000, 0x0000000084800000, 0x0000000084800000|100%| O|  |TAMS 0x0000000084700000| PB 0x0000000084700000| Untracked 
|  32|0x0000000084800000, 0x0000000084900000, 0x0000000084900000|100%| O|  |TAMS 0x0000000084800000| PB 0x0000000084800000| Untracked 
|  33|0x0000000084900000, 0x0000000084900000, 0x0000000084a00000|  0%| F|  |TAMS 0x0000000084900000| PB 0x0000000084900000| Untracked 
|  34|0x0000000084a00000, 0x0000000084a00000, 0x0000000084b00000|  0%| F|  |TAMS 0x0000000084a00000| PB 0x0000000084a00000| Untracked 
|  35|0x0000000084b00000, 0x0000000084c00000, 0x0000000084c00000|100%| O|  |TAMS 0x0000000084b00000| PB 0x0000000084b00000| Untracked 
|  36|0x0000000084c00000, 0x0000000084d00000, 0x0000000084d00000|100%| O|  |TAMS 0x0000000084c00000| PB 0x0000000084c00000| Untracked 
|  37|0x0000000084d00000, 0x0000000084e00000, 0x0000000084e00000|100%| O|  |TAMS 0x0000000084d00000| PB 0x0000000084d00000| Untracked 
|  38|0x0000000084e00000, 0x0000000084f00000, 0x0000000084f00000|100%| O|  |TAMS 0x0000000084e00000| PB 0x0000000084e00000| Untracked 
|  39|0x0000000084f00000, 0x0000000085000000, 0x0000000085000000|100%| O|  |TAMS 0x0000000084f00000| PB 0x0000000084f00000| Untracked 
|  40|0x0000000085000000, 0x0000000085100000, 0x0000000085100000|100%| O|  |TAMS 0x0000000085000000| PB 0x0000000085000000| Untracked 
|  41|0x0000000085100000, 0x0000000085100000, 0x0000000085200000|  0%| F|  |TAMS 0x0000000085100000| PB 0x0000000085100000| Untracked 
|  42|0x0000000085200000, 0x0000000085300000, 0x0000000085300000|100%| O|Cm|TAMS 0x0000000085200000| PB 0x0000000085200000| Complete 
|  43|0x0000000085300000, 0x0000000085400000, 0x0000000085400000|100%| O|  |TAMS 0x0000000085300000| PB 0x0000000085300000| Untracked 
|  44|0x0000000085400000, 0x0000000085500000, 0x0000000085500000|100%| O|  |TAMS 0x0000000085400000| PB 0x0000000085400000| Untracked 
|  45|0x0000000085500000, 0x0000000085600000, 0x0000000085600000|100%| O|  |TAMS 0x0000000085500000| PB 0x0000000085500000| Untracked 
|  46|0x0000000085600000, 0x0000000085700000, 0x0000000085700000|100%| O|  |TAMS 0x0000000085600000| PB 0x0000000085600000| Untracked 
|  47|0x0000000085700000, 0x0000000085800000, 0x0000000085800000|100%| O|  |TAMS 0x0000000085700000| PB 0x0000000085700000| Untracked 
|  48|0x0000000085800000, 0x0000000085800000, 0x0000000085900000|  0%| F|  |TAMS 0x0000000085800000| PB 0x0000000085800000| Untracked 
|  49|0x0000000085900000, 0x0000000085900000, 0x0000000085a00000|  0%| F|  |TAMS 0x0000000085900000| PB 0x0000000085900000| Untracked 
|  50|0x0000000085a00000, 0x0000000085b00000, 0x0000000085b00000|100%| O|  |TAMS 0x0000000085a00000| PB 0x0000000085a00000| Untracked 
|  51|0x0000000085b00000, 0x0000000085c00000, 0x0000000085c00000|100%| O|  |TAMS 0x0000000085b00000| PB 0x0000000085b00000| Untracked 
|  52|0x0000000085c00000, 0x0000000085d00000, 0x0000000085d00000|100%| O|  |TAMS 0x0000000085c00000| PB 0x0000000085c00000| Untracked 
|  53|0x0000000085d00000, 0x0000000085e00000, 0x0000000085e00000|100%| O|Cm|TAMS 0x0000000085d00000| PB 0x0000000085d00000| Complete 
|  54|0x0000000085e00000, 0x0000000085e00000, 0x0000000085f00000|  0%| F|  |TAMS 0x0000000085e00000| PB 0x0000000085e00000| Untracked 
|  55|0x0000000085f00000, 0x0000000085f00000, 0x0000000086000000|  0%| F|  |TAMS 0x0000000085f00000| PB 0x0000000085f00000| Untracked 
|  56|0x0000000086000000, 0x0000000086100000, 0x0000000086100000|100%| O|  |TAMS 0x0000000086000000| PB 0x0000000086000000| Untracked 
|  57|0x0000000086100000, 0x0000000086200000, 0x0000000086200000|100%| O|  |TAMS 0x0000000086100000| PB 0x0000000086100000| Untracked 
|  58|0x0000000086200000, 0x0000000086300000, 0x0000000086300000|100%| O|  |TAMS 0x0000000086200000| PB 0x0000000086200000| Untracked 
|  59|0x0000000086300000, 0x0000000086300000, 0x0000000086400000|  0%| F|  |TAMS 0x0000000086300000| PB 0x0000000086300000| Untracked 
|  60|0x0000000086400000, 0x0000000086500000, 0x0000000086500000|100%| O|  |TAMS 0x0000000086400000| PB 0x0000000086400000| Untracked 
|  61|0x0000000086500000, 0x000000008654eca8, 0x0000000086600000| 30%| O|  |TAMS 0x0000000086500000| PB 0x0000000086500000| Untracked 
|  62|0x0000000086600000, 0x0000000086600000, 0x0000000086700000|  0%| F|  |TAMS 0x0000000086600000| PB 0x0000000086600000| Untracked 
|  63|0x0000000086700000, 0x0000000086784818, 0x0000000086800000| 51%| S|CS|TAMS 0x0000000086700000| PB 0x0000000086700000| Complete 
|  64|0x0000000086800000, 0x0000000086900000, 0x0000000086900000|100%| S|CS|TAMS 0x0000000086800000| PB 0x0000000086800000| Complete 
|  65|0x0000000086900000, 0x0000000086a00000, 0x0000000086a00000|100%| S|CS|TAMS 0x0000000086900000| PB 0x0000000086900000| Complete 
|  66|0x0000000086a00000, 0x0000000086b00000, 0x0000000086b00000|100%| S|CS|TAMS 0x0000000086a00000| PB 0x0000000086a00000| Complete 
|  67|0x0000000086b00000, 0x0000000086c00000, 0x0000000086c00000|100%| S|CS|TAMS 0x0000000086b00000| PB 0x0000000086b00000| Complete 
|  68|0x0000000086c00000, 0x0000000086c00000, 0x0000000086d00000|  0%| F|  |TAMS 0x0000000086c00000| PB 0x0000000086c00000| Untracked 
|  69|0x0000000086d00000, 0x0000000086d00000, 0x0000000086e00000|  0%| F|  |TAMS 0x0000000086d00000| PB 0x0000000086d00000| Untracked 
|  70|0x0000000086e00000, 0x0000000086e00000, 0x0000000086f00000|  0%| F|  |TAMS 0x0000000086e00000| PB 0x0000000086e00000| Untracked 
|  71|0x0000000086f00000, 0x0000000086f00000, 0x0000000087000000|  0%| F|  |TAMS 0x0000000086f00000| PB 0x0000000086f00000| Untracked 
|  72|0x0000000087000000, 0x0000000087000000, 0x0000000087100000|  0%| F|  |TAMS 0x0000000087000000| PB 0x0000000087000000| Untracked 
|  73|0x0000000087100000, 0x0000000087100000, 0x0000000087200000|  0%| F|  |TAMS 0x0000000087100000| PB 0x0000000087100000| Untracked 
|  74|0x0000000087200000, 0x0000000087200000, 0x0000000087300000|  0%| F|  |TAMS 0x0000000087200000| PB 0x0000000087200000| Untracked 
|  75|0x0000000087300000, 0x0000000087300000, 0x0000000087400000|  0%| F|  |TAMS 0x0000000087300000| PB 0x0000000087300000| Untracked 
|  76|0x0000000087400000, 0x0000000087400000, 0x0000000087500000|  0%| F|  |TAMS 0x0000000087400000| PB 0x0000000087400000| Untracked 
|  77|0x0000000087500000, 0x0000000087500000, 0x0000000087600000|  0%| F|  |TAMS 0x0000000087500000| PB 0x0000000087500000| Untracked 
|  78|0x0000000087600000, 0x0000000087600000, 0x0000000087700000|  0%| F|  |TAMS 0x0000000087600000| PB 0x0000000087600000| Untracked 
|  79|0x0000000087700000, 0x0000000087700000, 0x0000000087800000|  0%| F|  |TAMS 0x0000000087700000| PB 0x0000000087700000| Untracked 
|  80|0x0000000087800000, 0x0000000087800000, 0x0000000087900000|  0%| F|  |TAMS 0x0000000087800000| PB 0x0000000087800000| Untracked 
|  81|0x0000000087900000, 0x0000000087900000, 0x0000000087a00000|  0%| F|  |TAMS 0x0000000087900000| PB 0x0000000087900000| Untracked 
|  82|0x0000000087a00000, 0x0000000087a00000, 0x0000000087b00000|  0%| F|  |TAMS 0x0000000087a00000| PB 0x0000000087a00000| Untracked 
|  83|0x0000000087b00000, 0x0000000087b00000, 0x0000000087c00000|  0%| F|  |TAMS 0x0000000087b00000| PB 0x0000000087b00000| Untracked 
|  84|0x0000000087c00000, 0x0000000087c00000, 0x0000000087d00000|  0%| F|  |TAMS 0x0000000087c00000| PB 0x0000000087c00000| Untracked 
|  85|0x0000000087d00000, 0x0000000087d00000, 0x0000000087e00000|  0%| F|  |TAMS 0x0000000087d00000| PB 0x0000000087d00000| Untracked 
|  86|0x0000000087e00000, 0x0000000087e00000, 0x0000000087f00000|  0%| F|  |TAMS 0x0000000087e00000| PB 0x0000000087e00000| Untracked 
|  87|0x0000000087f00000, 0x0000000087f00000, 0x0000000088000000|  0%| F|  |TAMS 0x0000000087f00000| PB 0x0000000087f00000| Untracked 
|  88|0x0000000088000000, 0x0000000088000000, 0x0000000088100000|  0%| F|  |TAMS 0x0000000088000000| PB 0x0000000088000000| Untracked 
|  89|0x0000000088100000, 0x0000000088100000, 0x0000000088200000|  0%| F|  |TAMS 0x0000000088100000| PB 0x0000000088100000| Untracked 
|  90|0x0000000088200000, 0x0000000088200000, 0x0000000088300000|  0%| F|  |TAMS 0x0000000088200000| PB 0x0000000088200000| Untracked 
|  91|0x0000000088300000, 0x0000000088300000, 0x0000000088400000|  0%| F|  |TAMS 0x0000000088300000| PB 0x0000000088300000| Untracked 
|  92|0x0000000088400000, 0x0000000088400000, 0x0000000088500000|  0%| F|  |TAMS 0x0000000088400000| PB 0x0000000088400000| Untracked 
|  93|0x0000000088500000, 0x0000000088500000, 0x0000000088600000|  0%| F|  |TAMS 0x0000000088500000| PB 0x0000000088500000| Untracked 
|  94|0x0000000088600000, 0x0000000088600000, 0x0000000088700000|  0%| F|  |TAMS 0x0000000088600000| PB 0x0000000088600000| Untracked 
|  95|0x0000000088700000, 0x0000000088700000, 0x0000000088800000|  0%| F|  |TAMS 0x0000000088700000| PB 0x0000000088700000| Untracked 
|  96|0x0000000088800000, 0x0000000088800000, 0x0000000088900000|  0%| F|  |TAMS 0x0000000088800000| PB 0x0000000088800000| Untracked 
|  97|0x0000000088900000, 0x0000000088900000, 0x0000000088a00000|  0%| F|  |TAMS 0x0000000088900000| PB 0x0000000088900000| Untracked 
|  98|0x0000000088a00000, 0x0000000088a00000, 0x0000000088b00000|  0%| F|  |TAMS 0x0000000088a00000| PB 0x0000000088a00000| Untracked 
|  99|0x0000000088b00000, 0x0000000088b00000, 0x0000000088c00000|  0%| F|  |TAMS 0x0000000088b00000| PB 0x0000000088b00000| Untracked 
| 100|0x0000000088c00000, 0x0000000088c00000, 0x0000000088d00000|  0%| F|  |TAMS 0x0000000088c00000| PB 0x0000000088c00000| Untracked 
| 101|0x0000000088d00000, 0x0000000088d00000, 0x0000000088e00000|  0%| F|  |TAMS 0x0000000088d00000| PB 0x0000000088d00000| Untracked 
| 102|0x0000000088e00000, 0x0000000088e00000, 0x0000000088f00000|  0%| F|  |TAMS 0x0000000088e00000| PB 0x0000000088e00000| Untracked 
| 103|0x0000000088f00000, 0x0000000088f00000, 0x0000000089000000|  0%| F|  |TAMS 0x0000000088f00000| PB 0x0000000088f00000| Untracked 
| 104|0x0000000089000000, 0x0000000089000000, 0x0000000089100000|  0%| F|  |TAMS 0x0000000089000000| PB 0x0000000089000000| Untracked 
| 105|0x0000000089100000, 0x0000000089100000, 0x0000000089200000|  0%| F|  |TAMS 0x0000000089100000| PB 0x0000000089100000| Untracked 
| 106|0x0000000089200000, 0x0000000089200000, 0x0000000089300000|  0%| F|  |TAMS 0x0000000089200000| PB 0x0000000089200000| Untracked 
| 107|0x0000000089300000, 0x0000000089300000, 0x0000000089400000|  0%| F|  |TAMS 0x0000000089300000| PB 0x0000000089300000| Untracked 
| 108|0x0000000089400000, 0x0000000089400000, 0x0000000089500000|  0%| F|  |TAMS 0x0000000089400000| PB 0x0000000089400000| Untracked 
| 109|0x0000000089500000, 0x0000000089500000, 0x0000000089600000|  0%| F|  |TAMS 0x0000000089500000| PB 0x0000000089500000| Untracked 
| 110|0x0000000089600000, 0x0000000089600000, 0x0000000089700000|  0%| F|  |TAMS 0x0000000089600000| PB 0x0000000089600000| Untracked 
| 111|0x0000000089700000, 0x0000000089700000, 0x0000000089800000|  0%| F|  |TAMS 0x0000000089700000| PB 0x0000000089700000| Untracked 
| 112|0x0000000089800000, 0x0000000089800000, 0x0000000089900000|  0%| F|  |TAMS 0x0000000089800000| PB 0x0000000089800000| Untracked 
| 113|0x0000000089900000, 0x0000000089900000, 0x0000000089a00000|  0%| F|  |TAMS 0x0000000089900000| PB 0x0000000089900000| Untracked 
| 114|0x0000000089a00000, 0x0000000089a00000, 0x0000000089b00000|  0%| F|  |TAMS 0x0000000089a00000| PB 0x0000000089a00000| Untracked 
| 115|0x0000000089b00000, 0x0000000089b00000, 0x0000000089c00000|  0%| F|  |TAMS 0x0000000089b00000| PB 0x0000000089b00000| Untracked 
| 116|0x0000000089c00000, 0x0000000089c00000, 0x0000000089d00000|  0%| F|  |TAMS 0x0000000089c00000| PB 0x0000000089c00000| Untracked 
| 117|0x0000000089d00000, 0x0000000089d00000, 0x0000000089e00000|  0%| F|  |TAMS 0x0000000089d00000| PB 0x0000000089d00000| Untracked 
| 118|0x0000000089e00000, 0x0000000089e00000, 0x0000000089f00000|  0%| F|  |TAMS 0x0000000089e00000| PB 0x0000000089e00000| Untracked 
| 119|0x0000000089f00000, 0x0000000089f00000, 0x000000008a000000|  0%| F|  |TAMS 0x0000000089f00000| PB 0x0000000089f00000| Untracked 
| 120|0x000000008a000000, 0x000000008a000000, 0x000000008a100000|  0%| F|  |TAMS 0x000000008a000000| PB 0x000000008a000000| Untracked 
| 121|0x000000008a100000, 0x000000008a100000, 0x000000008a200000|  0%| F|  |TAMS 0x000000008a100000| PB 0x000000008a100000| Untracked 
| 122|0x000000008a200000, 0x000000008a200000, 0x000000008a300000|  0%| F|  |TAMS 0x000000008a200000| PB 0x000000008a200000| Untracked 
| 123|0x000000008a300000, 0x000000008a300000, 0x000000008a400000|  0%| F|  |TAMS 0x000000008a300000| PB 0x000000008a300000| Untracked 
| 124|0x000000008a400000, 0x000000008a400000, 0x000000008a500000|  0%| F|  |TAMS 0x000000008a400000| PB 0x000000008a400000| Untracked 
| 125|0x000000008a500000, 0x000000008a500000, 0x000000008a600000|  0%| F|  |TAMS 0x000000008a500000| PB 0x000000008a500000| Untracked 
| 126|0x000000008a600000, 0x000000008a600000, 0x000000008a700000|  0%| F|  |TAMS 0x000000008a600000| PB 0x000000008a600000| Untracked 
| 127|0x000000008a700000, 0x000000008a700000, 0x000000008a800000|  0%| F|  |TAMS 0x000000008a700000| PB 0x000000008a700000| Untracked 
| 128|0x000000008a800000, 0x000000008a800000, 0x000000008a900000|  0%| F|  |TAMS 0x000000008a800000| PB 0x000000008a800000| Untracked 
| 129|0x000000008a900000, 0x000000008a900000, 0x000000008aa00000|  0%| F|  |TAMS 0x000000008a900000| PB 0x000000008a900000| Untracked 
| 130|0x000000008aa00000, 0x000000008aa00000, 0x000000008ab00000|  0%| F|  |TAMS 0x000000008aa00000| PB 0x000000008aa00000| Untracked 
| 131|0x000000008ab00000, 0x000000008ab00000, 0x000000008ac00000|  0%| F|  |TAMS 0x000000008ab00000| PB 0x000000008ab00000| Untracked 
| 132|0x000000008ac00000, 0x000000008ac00000, 0x000000008ad00000|  0%| F|  |TAMS 0x000000008ac00000| PB 0x000000008ac00000| Untracked 
| 133|0x000000008ad00000, 0x000000008ad00000, 0x000000008ae00000|  0%| F|  |TAMS 0x000000008ad00000| PB 0x000000008ad00000| Untracked 
| 134|0x000000008ae00000, 0x000000008ae00000, 0x000000008af00000|  0%| F|  |TAMS 0x000000008ae00000| PB 0x000000008ae00000| Untracked 
| 135|0x000000008af00000, 0x000000008af00000, 0x000000008b000000|  0%| F|  |TAMS 0x000000008af00000| PB 0x000000008af00000| Untracked 
| 136|0x000000008b000000, 0x000000008b000000, 0x000000008b100000|  0%| F|  |TAMS 0x000000008b000000| PB 0x000000008b000000| Untracked 
| 137|0x000000008b100000, 0x000000008b100000, 0x000000008b200000|  0%| F|  |TAMS 0x000000008b100000| PB 0x000000008b100000| Untracked 
| 138|0x000000008b200000, 0x000000008b2d5300, 0x000000008b300000| 83%| E|  |TAMS 0x000000008b200000| PB 0x000000008b200000| Complete 
| 139|0x000000008b300000, 0x000000008b400000, 0x000000008b400000|100%| E|  |TAMS 0x000000008b300000| PB 0x000000008b300000| Complete 
| 140|0x000000008b400000, 0x000000008b500000, 0x000000008b500000|100%| E|CS|TAMS 0x000000008b400000| PB 0x000000008b400000| Complete 
| 141|0x000000008b500000, 0x000000008b600000, 0x000000008b600000|100%| E|CS|TAMS 0x000000008b500000| PB 0x000000008b500000| Complete 
| 142|0x000000008b600000, 0x000000008b700000, 0x000000008b700000|100%| E|CS|TAMS 0x000000008b600000| PB 0x000000008b600000| Complete 
| 143|0x000000008b700000, 0x000000008b800000, 0x000000008b800000|100%| E|CS|TAMS 0x000000008b700000| PB 0x000000008b700000| Complete 
| 144|0x000000008b800000, 0x000000008b900000, 0x000000008b900000|100%| E|CS|TAMS 0x000000008b800000| PB 0x000000008b800000| Complete 
|2007|0x00000000fff00000, 0x0000000100000000, 0x0000000100000000|100%| E|CS|TAMS 0x00000000fff00000| PB 0x00000000fff00000| Complete 

Card table byte_map: [0x0000027cf9dd0000,0x0000027cfa1c0000] _byte_map_base: 0x0000027cf99bc000

Marking Bits: (CMBitMap*) 0x0000027ce6d7fa50
 Bits: [0x0000027cfa1c0000, 0x0000027cfc120000)

Polling page: 0x0000027ce4920000

Metaspace:

Usage:
  Non-class:     83.23 MB used.
      Class:     12.21 MB used.
       Both:     95.44 MB used.

Virtual space:
  Non-class space:      128.00 MB reserved,      83.94 MB ( 66%) committed,  2 nodes.
      Class space:        1.00 GB reserved,      12.81 MB (  1%) committed,  1 nodes.
             Both:        1.12 GB reserved,      96.75 MB (  8%) committed. 

Chunk freelists:
   Non-Class:  11.55 MB
       Class:  3.29 MB
        Both:  14.85 MB

MaxMetaspaceSize: unlimited
CompressedClassSpaceSize: 1.00 GB
Initial GC threshold: 21.00 MB
Current GC threshold: 161.25 MB
CDS: on
 - commit_granule_bytes: 65536.
 - commit_granule_words: 8192.
 - virtual_space_node_default_size: 8388608.
 - enlarge_chunks_in_place: 1.
 - use_allocation_guard: 0.


Internal statistics:

num_allocs_failed_limit: 9.
num_arena_births: 2344.
num_arena_deaths: 528.
num_vsnodes_births: 3.
num_vsnodes_deaths: 0.
num_space_committed: 1548.
num_space_uncommitted: 0.
num_chunks_returned_to_freelist: 621.
num_chunks_taken_from_freelist: 6427.
num_chunk_merges: 166.
num_chunk_splits: 4296.
num_chunks_enlarged: 3065.
num_inconsistent_stats: 0.

CodeHeap 'non-profiled nmethods': size=120000Kb used=8950Kb max_used=10457Kb free=111050Kb
 bounds [0x0000027cf2180000, 0x0000027cf2bc0000, 0x0000027cf96b0000]
CodeHeap 'profiled nmethods': size=120000Kb used=28548Kb max_used=33945Kb free=91451Kb
 bounds [0x0000027cea6b0000, 0x0000027cec7e0000, 0x0000027cf1be0000]
CodeHeap 'non-nmethods': size=5760Kb used=1812Kb max_used=1889Kb free=3948Kb
 bounds [0x0000027cf1be0000, 0x0000027cf1e50000, 0x0000027cf2180000]
CodeCache: size=245760Kb, used=39310Kb, max_used=46291Kb, free=206449Kb
 total_blobs=14149, nmethods=13336, adapters=713, full_count=0
Compilation: enabled, stopped_count=0, restarted_count=0

Compilation events (20 events):
Event: 10699.062 Thread 0x0000027cfeb87000 17806       1       ch.qos.logback.classic.spi.StackTraceElementProxy::getClassPackagingData (5 bytes)
Event: 10699.062 Thread 0x0000027cfeb87000 nmethod 17806 0x0000027cf219a090 code [0x0000027cf219a220, 0x0000027cf219a2e8]
Event: 10699.062 Thread 0x0000027cfeb87000 17807       1       ch.qos.logback.classic.spi.ClassPackagingData::isExact (5 bytes)
Event: 10699.062 Thread 0x0000027cfeb87000 nmethod 17807 0x0000027cf219bb90 code [0x0000027cf219bd20, 0x0000027cf219bdf0]
Event: 10699.062 Thread 0x0000027cfeb87000 17808       1       ch.qos.logback.classic.spi.ClassPackagingData::getCodeLocation (5 bytes)
Event: 10699.062 Thread 0x0000027cfeb87000 nmethod 17808 0x0000027cf219c790 code [0x0000027cf219c920, 0x0000027cf219c9e8]
Event: 10699.062 Thread 0x0000027cfeb87000 17809       1       ch.qos.logback.classic.spi.ClassPackagingData::getVersion (5 bytes)
Event: 10699.062 Thread 0x0000027cfeb87000 nmethod 17809 0x0000027cf219e710 code [0x0000027cf219e8a0, 0x0000027cf219e968]
Event: 10699.077 Thread 0x0000027cfeb87000 17811       3       java.lang.StringBuilder::append (6 bytes)
Event: 10699.077 Thread 0x0000027cfeb87000 nmethod 17811 0x0000027cea6e4e90 code [0x0000027cea6e5040, 0x0000027cea6e51f0]
Event: 10699.079 Thread 0x0000027cfeb87000 17812       3       ch.qos.logback.classic.spi.StackTraceElementProxy::<init> (24 bytes)
Event: 10699.080 Thread 0x0000027cfeb87000 nmethod 17812 0x0000027cea78d890 code [0x0000027cea78da60, 0x0000027cea78dd18]
Event: 10699.080 Thread 0x0000027cfeb87000 17813       3       java.lang.StackTraceElement::equals (120 bytes)
Event: 10699.081 Thread 0x0000027cfeb87000 nmethod 17813 0x0000027cea735190 code [0x0000027cea735400, 0x0000027cea735fc0]
Event: 10699.083 Thread 0x0000027cfeb87000 17814       3       ch.qos.logback.classic.spi.PackagingDataCalculator::computeBySTEP (81 bytes)
Event: 10699.086 Thread 0x0000027cfeb87000 nmethod 17814 0x0000027cea79b790 code [0x0000027cea79b9e0, 0x0000027cea79c2b0]
Event: 10699.086 Thread 0x0000027cfeb87000 17815   !   3       ch.qos.logback.classic.spi.PackagingDataCalculator::loadClass (25 bytes)
Event: 10699.090 Thread 0x0000027cfeb87000 nmethod 17815 0x0000027cea777d10 code [0x0000027cea777f00, 0x0000027cea7783d8]
Event: 10699.090 Thread 0x0000027cfeb87000 17816       3       ch.qos.logback.classic.spi.StackTraceElementProxy::setClassPackagingData (23 bytes)
Event: 10699.091 Thread 0x0000027cfeb87000 nmethod 17816 0x0000027cea6cc210 code [0x0000027cea6cc3c0, 0x0000027cea6cc620]

GC Heap History (20 events):
Event: 9.408 GC heap before
{Heap before GC invocations=23 (full 0):
 garbage-first heap   total 74752K, used 64718K [0x0000000082800000, 0x0000000100000000)
  region size 1024K, 15 young (15360K), 3 survivors (3072K)
 Metaspace       used 70489K, committed 71168K, reserved 1114112K
  class space    used 9715K, committed 10048K, reserved 1048576K
}
Event: 9.413 GC heap after
{Heap after GC invocations=24 (full 0):
 garbage-first heap   total 149504K, used 56320K [0x0000000082800000, 0x0000000100000000)
  region size 1024K, 2 young (2048K), 2 survivors (2048K)
 Metaspace       used 70489K, committed 71168K, reserved 1114112K
  class space    used 9715K, committed 10048K, reserved 1048576K
}
Event: 9.681 GC heap before
{Heap before GC invocations=25 (full 0):
 garbage-first heap   total 149504K, used 125952K [0x0000000082800000, 0x0000000100000000)
  region size 1024K, 71 young (72704K), 2 survivors (2048K)
 Metaspace       used 70772K, committed 71488K, reserved 1114112K
  class space    used 9735K, committed 10048K, reserved 1048576K
}
Event: 9.687 GC heap after
{Heap after GC invocations=26 (full 0):
 garbage-first heap   total 149504K, used 62454K [0x0000000082800000, 0x0000000100000000)
  region size 1024K, 9 young (9216K), 9 survivors (9216K)
 Metaspace       used 70772K, committed 71488K, reserved 1114112K
  class space    used 9735K, committed 10048K, reserved 1048576K
}
Event: 9.841 GC heap before
{Heap before GC invocations=26 (full 0):
 garbage-first heap   total 149504K, used 123894K [0x0000000082800000, 0x0000000100000000)
  region size 1024K, 69 young (70656K), 9 survivors (9216K)
 Metaspace       used 71313K, committed 72000K, reserved 1114112K
  class space    used 9840K, committed 10176K, reserved 1048576K
}
Event: 9.847 GC heap after
{Heap after GC invocations=27 (full 0):
 garbage-first heap   total 149504K, used 63142K [0x0000000082800000, 0x0000000100000000)
  region size 1024K, 3 young (3072K), 3 survivors (3072K)
 Metaspace       used 71313K, committed 72000K, reserved 1114112K
  class space    used 9840K, committed 10176K, reserved 1048576K
}
Event: 10.151 GC heap before
{Heap before GC invocations=27 (full 0):
 garbage-first heap   total 149504K, used 125606K [0x0000000082800000, 0x0000000100000000)
  region size 1024K, 64 young (65536K), 3 survivors (3072K)
 Metaspace       used 72327K, committed 72960K, reserved 1114112K
  class space    used 9956K, committed 10240K, reserved 1048576K
}
Event: 10.153 GC heap after
{Heap after GC invocations=28 (full 0):
 garbage-first heap   total 149504K, used 63940K [0x0000000082800000, 0x0000000100000000)
  region size 1024K, 4 young (4096K), 4 survivors (4096K)
 Metaspace       used 72327K, committed 72960K, reserved 1114112K
  class space    used 9956K, committed 10240K, reserved 1048576K
}
Event: 10.850 GC heap before
{Heap before GC invocations=29 (full 0):
 garbage-first heap   total 149504K, used 126404K [0x0000000082800000, 0x0000000100000000)
  region size 1024K, 68 young (69632K), 4 survivors (4096K)
 Metaspace       used 77630K, committed 78336K, reserved 1179648K
  class space    used 10380K, committed 10688K, reserved 1048576K
}
Event: 10.856 GC heap after
{Heap after GC invocations=30 (full 0):
 garbage-first heap   total 149504K, used 64472K [0x0000000082800000, 0x0000000100000000)
  region size 1024K, 7 young (7168K), 7 survivors (7168K)
 Metaspace       used 77630K, committed 78336K, reserved 1179648K
  class space    used 10380K, committed 10688K, reserved 1048576K
}
Event: 36.340 GC heap before
{Heap before GC invocations=30 (full 0):
 garbage-first heap   total 149504K, used 131032K [0x0000000082800000, 0x0000000100000000)
  region size 1024K, 72 young (73728K), 7 survivors (7168K)
 Metaspace       used 88669K, committed 89472K, reserved 1179648K
  class space    used 11947K, committed 12288K, reserved 1048576K
}
Event: 36.354 GC heap after
{Heap after GC invocations=31 (full 0):
 garbage-first heap   total 149504K, used 58626K [0x0000000082800000, 0x0000000100000000)
  region size 1024K, 9 young (9216K), 9 survivors (9216K)
 Metaspace       used 88669K, committed 89472K, reserved 1179648K
  class space    used 11947K, committed 12288K, reserved 1048576K
}
Event: 8156.309 GC heap before
{Heap before GC invocations=31 (full 0):
 garbage-first heap   total 149504K, used 127234K [0x0000000082800000, 0x0000000100000000)
  region size 1024K, 77 young (78848K), 9 survivors (9216K)
 Metaspace       used 94020K, committed 95104K, reserved 1179648K
  class space    used 12397K, committed 12864K, reserved 1048576K
}
Event: 8156.401 GC heap after
{Heap after GC invocations=32 (full 0):
 garbage-first heap   total 149504K, used 63125K [0x0000000082800000, 0x0000000100000000)
  region size 1024K, 4 young (4096K), 4 survivors (4096K)
 Metaspace       used 94020K, committed 95104K, reserved 1179648K
  class space    used 12397K, committed 12864K, reserved 1048576K
}
Event: 8598.473 GC heap before
{Heap before GC invocations=33 (full 0):
 garbage-first heap   total 149504K, used 130709K [0x0000000082800000, 0x0000000100000000)
  region size 1024K, 71 young (72704K), 4 survivors (4096K)
 Metaspace       used 95646K, committed 96576K, reserved 1179648K
  class space    used 12399K, committed 12864K, reserved 1048576K
}
Event: 8598.500 GC heap after
{Heap after GC invocations=34 (full 0):
 garbage-first heap   total 149504K, used 63481K [0x0000000082800000, 0x0000000100000000)
  region size 1024K, 5 young (5120K), 5 survivors (5120K)
 Metaspace       used 95646K, committed 96576K, reserved 1179648K
  class space    used 12399K, committed 12864K, reserved 1048576K
}
Event: 9059.590 GC heap before
{Heap before GC invocations=34 (full 0):
 garbage-first heap   total 149504K, used 133113K [0x0000000082800000, 0x0000000100000000)
  region size 1024K, 73 young (74752K), 5 survivors (5120K)
 Metaspace       used 96838K, committed 97920K, reserved 1179648K
  class space    used 12492K, committed 13056K, reserved 1048576K
}
Event: 9059.621 GC heap after
{Heap after GC invocations=35 (full 0):
 garbage-first heap   total 149504K, used 58029K [0x0000000082800000, 0x0000000100000000)
  region size 1024K, 5 young (5120K), 5 survivors (5120K)
 Metaspace       used 96838K, committed 97920K, reserved 1179648K
  class space    used 12492K, committed 13056K, reserved 1048576K
}
Event: 10518.709 GC heap before
{Heap before GC invocations=35 (full 0):
 garbage-first heap   total 149504K, used 132781K [0x0000000082800000, 0x0000000100000000)
  region size 1024K, 78 young (79872K), 5 survivors (5120K)
 Metaspace       used 97885K, committed 99008K, reserved 1179648K
  class space    used 12557K, committed 13120K, reserved 1048576K
}
Event: 10518.779 GC heap after
{Heap after GC invocations=36 (full 0):
 garbage-first heap   total 149504K, used 58189K [0x0000000082800000, 0x0000000100000000)
  region size 1024K, 5 young (5120K), 5 survivors (5120K)
 Metaspace       used 97885K, committed 99008K, reserved 1179648K
  class space    used 12557K, committed 13120K, reserved 1048576K
}

Dll operation events (11 events):
Event: 0.028 Loaded shared library C:\Users\SAI KUMAR MONGAM\eclipse-jee-2025-06-R-win32-x86_64\eclipse\plugins\org.eclipse.justj.openjdk.hotspot.jre.full.win32.x86_64_21.0.8.v20250724-1412\jre\bin\java.dll
Event: 0.071 Loaded shared library C:\Users\SAI KUMAR MONGAM\eclipse-jee-2025-06-R-win32-x86_64\eclipse\plugins\org.eclipse.justj.openjdk.hotspot.jre.full.win32.x86_64_21.0.8.v20250724-1412\jre\bin\zip.dll
Event: 0.234 Loaded shared library C:\Users\SAI KUMAR MONGAM\eclipse-jee-2025-06-R-win32-x86_64\eclipse\plugins\org.eclipse.justj.openjdk.hotspot.jre.full.win32.x86_64_21.0.8.v20250724-1412\jre\bin\net.dll
Event: 0.238 Loaded shared library C:\Users\SAI KUMAR MONGAM\eclipse-jee-2025-06-R-win32-x86_64\eclipse\plugins\org.eclipse.justj.openjdk.hotspot.jre.full.win32.x86_64_21.0.8.v20250724-1412\jre\bin\nio.dll
Event: 0.242 Loaded shared library C:\Users\SAI KUMAR MONGAM\eclipse-jee-2025-06-R-win32-x86_64\eclipse\plugins\org.eclipse.justj.openjdk.hotspot.jre.full.win32.x86_64_21.0.8.v20250724-1412\jre\bin\zip.dll
Event: 0.381 Loaded shared library C:\Users\SAI KUMAR MONGAM\eclipse-jee-2025-06-R-win32-x86_64\eclipse\plugins\org.eclipse.justj.openjdk.hotspot.jre.full.win32.x86_64_21.0.8.v20250724-1412\jre\bin\jimage.dll
Event: 1.940 Loaded shared library C:\Users\SAI KUMAR MONGAM\eclipse-jee-2025-06-R-win32-x86_64\eclipse\plugins\org.eclipse.justj.openjdk.hotspot.jre.full.win32.x86_64_21.0.8.v20250724-1412\jre\bin\sunmscapi.dll
Event: 4.125 Loaded shared library C:\Users\SAI KUMAR MONGAM\eclipse-jee-2025-06-R-win32-x86_64\eclipse\plugins\org.eclipse.justj.openjdk.hotspot.jre.full.win32.x86_64_21.0.8.v20250724-1412\jre\bin\management.dll
Event: 4.132 Loaded shared library C:\Users\SAI KUMAR MONGAM\eclipse-jee-2025-06-R-win32-x86_64\eclipse\plugins\org.eclipse.justj.openjdk.hotspot.jre.full.win32.x86_64_21.0.8.v20250724-1412\jre\bin\management_ext.dll
Event: 4.928 Loaded shared library C:\Users\SAI KUMAR MONGAM\eclipse-jee-2025-06-R-win32-x86_64\eclipse\plugins\org.eclipse.justj.openjdk.hotspot.jre.full.win32.x86_64_21.0.8.v20250724-1412\jre\bin\extnet.dll
Event: 5.175 Loaded shared library C:\Users\SAI KUMAR MONGAM\eclipse-jee-2025-06-R-win32-x86_64\eclipse\plugins\org.eclipse.justj.openjdk.hotspot.jre.full.win32.x86_64_21.0.8.v20250724-1412\jre\bin\verify.dll

Deoptimization events (20 events):
Event: 10699.008 Thread 0x0000027cc8d4f1c0 Uncommon trap: trap_request=0xffffffd6 fr.pc=0x0000027cf21ba46c relative=0x00000000000004ac
Event: 10699.008 Thread 0x0000027cc8d4f1c0 Uncommon trap: reason=array_check action=maybe_recompile pc=0x0000027cf21ba46c method=java.util.HashMap.valuesToArray([Ljava/lang/Object;)[Ljava/lang/Object; @ 62 c2
Event: 10699.008 Thread 0x0000027cc8d4f1c0 DEOPT PACKING pc=0x0000027cf21ba46c sp=0x000000ac89bfec90
Event: 10699.008 Thread 0x0000027cc8d4f1c0 DEOPT UNPACKING pc=0x0000027cf1c346a2 sp=0x000000ac89bfec18 mode 2
Event: 10699.008 Thread 0x0000027cc8d4f1c0 Uncommon trap: trap_request=0xffffffd6 fr.pc=0x0000027cf21ba46c relative=0x00000000000004ac
Event: 10699.008 Thread 0x0000027cc8d4f1c0 Uncommon trap: reason=array_check action=maybe_recompile pc=0x0000027cf21ba46c method=java.util.HashMap.valuesToArray([Ljava/lang/Object;)[Ljava/lang/Object; @ 62 c2
Event: 10699.008 Thread 0x0000027cc8d4f1c0 DEOPT PACKING pc=0x0000027cf21ba46c sp=0x000000ac89bfebb0
Event: 10699.008 Thread 0x0000027cc8d4f1c0 DEOPT UNPACKING pc=0x0000027cf1c346a2 sp=0x000000ac89bfeb38 mode 2
Event: 10699.076 Thread 0x0000027cc8d51290 Uncommon trap: trap_request=0xffffffc6 fr.pc=0x0000027cf2a4ce20 relative=0x00000000000006a0
Event: 10699.076 Thread 0x0000027cc8d51290 Uncommon trap: reason=bimorphic_or_optimized_type_check action=maybe_recompile pc=0x0000027cf2a4ce20 method=jakarta.servlet.http.HttpServletRequestWrapper.getHeader(Ljava/lang/String;)Ljava/lang/String; @ 5 c2
Event: 10699.076 Thread 0x0000027cc8d51290 DEOPT PACKING pc=0x0000027cf2a4ce20 sp=0x000000ac899fadf0
Event: 10699.077 Thread 0x0000027cc8d51290 DEOPT UNPACKING pc=0x0000027cf1c346a2 sp=0x000000ac899fadc8 mode 2
Event: 10699.077 Thread 0x0000027cc8d51290 Uncommon trap: trap_request=0xffffffc6 fr.pc=0x0000027cf2a4ce20 relative=0x00000000000006a0
Event: 10699.077 Thread 0x0000027cc8d51290 Uncommon trap: reason=bimorphic_or_optimized_type_check action=maybe_recompile pc=0x0000027cf2a4ce20 method=jakarta.servlet.http.HttpServletRequestWrapper.getHeader(Ljava/lang/String;)Ljava/lang/String; @ 5 c2
Event: 10699.077 Thread 0x0000027cc8d51290 DEOPT PACKING pc=0x0000027cf2a4ce20 sp=0x000000ac899fae70
Event: 10699.077 Thread 0x0000027cc8d51290 DEOPT UNPACKING pc=0x0000027cf1c346a2 sp=0x000000ac899fae48 mode 2
Event: 10699.077 Thread 0x0000027cc8d51290 Uncommon trap: trap_request=0xffffff45 fr.pc=0x0000027cf2b7e5ec relative=0x000000000000004c
Event: 10699.077 Thread 0x0000027cc8d51290 Uncommon trap: reason=unstable_if action=reinterpret pc=0x0000027cf2b7e5ec method=ch.qos.logback.classic.Level.fromLocationAwareLoggerInteger(I)Lch/qos/logback/classic/Level; @ 1 c2
Event: 10699.077 Thread 0x0000027cc8d51290 DEOPT PACKING pc=0x0000027cf2b7e5ec sp=0x000000ac899fae40
Event: 10699.077 Thread 0x0000027cc8d51290 DEOPT UNPACKING pc=0x0000027cf1c346a2 sp=0x000000ac899fadd8 mode 2

Classes loaded (20 events):
Event: 8094.502 Loading class javax/crypto/NoSuchPaddingException
Event: 8094.506 Loading class javax/crypto/NoSuchPaddingException done
Event: 8094.511 Loading class javax/crypto/IllegalBlockSizeException
Event: 8094.515 Loading class javax/crypto/IllegalBlockSizeException done
Event: 8094.517 Loading class javax/crypto/BadPaddingException
Event: 8094.520 Loading class javax/crypto/BadPaddingException done
Event: 8792.421 Loading class java/text/ParsePosition
Event: 8792.427 Loading class java/text/ParsePosition done
Event: 8792.427 Loading class java/time/format/DateTimeParseContext
Event: 8792.429 Loading class java/time/format/DateTimeParseContext done
Event: 8792.429 Loading class java/time/format/Parsed
Event: 8792.434 Loading class java/time/format/Parsed done
Event: 10334.766 Loading class java/io/PrintWriter$1
Event: 10334.783 Loading class jdk/internal/access/JavaIOPrintWriterAccess
Event: 10334.787 Loading class jdk/internal/access/JavaIOPrintWriterAccess done
Event: 10334.787 Loading class java/io/PrintWriter$1 done
Event: 10334.838 Loading class sun/nio/cs/ISO_8859_1$Encoder
Event: 10334.848 Loading class sun/nio/cs/ISO_8859_1$Encoder done
Event: 10341.084 Loading class java/util/ArrayList$SubList$2
Event: 10341.090 Loading class java/util/ArrayList$SubList$2 done

Classes unloaded (20 events):
Event: 10519.355 Thread 0x0000027cfeb4afd0 Unloading class 0x0000027c81a2a400 'java/lang/invoke/LambdaForm$MH+0x0000027c81a2a400'
Event: 10519.355 Thread 0x0000027cfeb4afd0 Unloading class 0x0000027c81a29800 'java/lang/invoke/LambdaForm$MH+0x0000027c81a29800'
Event: 10519.355 Thread 0x0000027cfeb4afd0 Unloading class 0x0000027c81a29400 'java/lang/invoke/LambdaForm$MH+0x0000027c81a29400'
Event: 10519.355 Thread 0x0000027cfeb4afd0 Unloading class 0x0000027c81a29000 'java/lang/invoke/LambdaForm$MH+0x0000027c81a29000'
Event: 10519.355 Thread 0x0000027cfeb4afd0 Unloading class 0x0000027c81a28000 'java/lang/invoke/LambdaForm$MH+0x0000027c81a28000'
Event: 10519.355 Thread 0x0000027cfeb4afd0 Unloading class 0x0000027c81a25400 'java/lang/invoke/LambdaForm$MH+0x0000027c81a25400'
Event: 10519.355 Thread 0x0000027cfeb4afd0 Unloading class 0x0000027c81a24800 'java/lang/invoke/LambdaForm$BMH+0x0000027c81a24800'
Event: 10519.355 Thread 0x0000027cfeb4afd0 Unloading class 0x0000027c81a24400 'jdk/internal/reflect/GeneratedSerializationConstructorAccessor11'
Event: 10519.355 Thread 0x0000027cfeb4afd0 Unloading class 0x0000027c81a24000 'jdk/internal/reflect/GeneratedSerializationConstructorAccessor10'
Event: 10519.355 Thread 0x0000027cfeb4afd0 Unloading class 0x0000027c81a1cc00 'java/lang/invoke/LambdaForm$MH+0x0000027c81a1cc00'
Event: 10519.355 Thread 0x0000027cfeb4afd0 Unloading class 0x0000027c81a1c800 'java/lang/invoke/LambdaForm$MH+0x0000027c81a1c800'
Event: 10519.355 Thread 0x0000027cfeb4afd0 Unloading class 0x0000027c81a1c400 'java/lang/invoke/LambdaForm$MH+0x0000027c81a1c400'
Event: 10519.355 Thread 0x0000027cfeb4afd0 Unloading class 0x0000027c81a02c00 'jdk/internal/reflect/GeneratedSerializationConstructorAccessor9'
Event: 10519.356 Thread 0x0000027cfeb4afd0 Unloading class 0x0000027c81a02800 'jdk/internal/reflect/GeneratedSerializationConstructorAccessor8'
Event: 10519.356 Thread 0x0000027cfeb4afd0 Unloading class 0x0000027c81a01c00 'java/lang/invoke/LambdaForm$MH+0x0000027c81a01c00'
Event: 10519.356 Thread 0x0000027cfeb4afd0 Unloading class 0x0000027c81a01800 'java/lang/invoke/LambdaForm$MH+0x0000027c81a01800'
Event: 10519.356 Thread 0x0000027cfeb4afd0 Unloading class 0x0000027c81a01400 'java/lang/invoke/LambdaForm$MH+0x0000027c81a01400'
Event: 10519.356 Thread 0x0000027cfeb4afd0 Unloading class 0x0000027c81a01000 'jdk/internal/reflect/GeneratedSerializationConstructorAccessor7'
Event: 10519.357 Thread 0x0000027cfeb4afd0 Unloading class 0x0000027c81a00400 'jdk/internal/reflect/GeneratedSerializationConstructorAccessor6'
Event: 10519.357 Thread 0x0000027cfeb4afd0 Unloading class 0x0000027c819b0000 'jdk/internal/reflect/GeneratedSerializationConstructorAccessor1'

Classes redefined (0 events):
No events

Internal exceptions (20 events):
Event: 8461.630 Thread 0x0000027cc8d4eb30 Implicit null exception at 0x0000027cf297834e to 0x0000027cf2978638
Event: 8462.628 Thread 0x0000027cc8d4eb30 Implicit null exception at 0x0000027cf297834e to 0x0000027cf2978638
Event: 8463.631 Thread 0x0000027cc8d4eb30 Implicit null exception at 0x0000027cf297834e to 0x0000027cf2978638
Event: 8464.635 Thread 0x0000027cc8d4eb30 Implicit null exception at 0x0000027cf2978d4e to 0x0000027cf2979030
Event: 8468.902 Thread 0x0000027cc8d51290 Implicit null exception at 0x0000027cf241e9c0 to 0x0000027cf2425598
Event: 8468.985 Thread 0x0000027cc8d51290 Implicit null exception at 0x0000027cf2417bcb to 0x0000027cf2418718
Event: 8468.987 Thread 0x0000027cc8d51290 Implicit null exception at 0x0000027cf265f437 to 0x0000027cf2660514
Event: 8469.004 Thread 0x0000027cc8d51290 Implicit null exception at 0x0000027cf25d2be9 to 0x0000027cf25d5490
Event: 8469.007 Thread 0x0000027cc8d51290 Implicit null exception at 0x0000027cf2681736 to 0x0000027cf2683ac8
Event: 8469.166 Thread 0x0000027cc8d51290 Exception <a 'java/lang/NoSuchMethodError'{0x0000000088fda6b0}: 'int java.lang.invoke.DirectMethodHandle$Holder.invokeStatic(java.lang.Object, java.lang.Object, int, int)'> (0x0000000088fda6b0) 
thrown [s\src\hotspot\share\interpreter\linkResolver.cpp, line 773]
Event: 8469.233 Thread 0x0000027cc8d51290 Implicit null exception at 0x0000027cf273142b to 0x0000027cf27315a8
Event: 8488.560 Thread 0x0000027cc8d52640 Implicit null exception at 0x0000027cf29955d7 to 0x0000027cf2995b2c
Event: 8498.281 Thread 0x0000027cc8d51290 Implicit null exception at 0x0000027cf29a4060 to 0x0000027cf29a4638
Event: 8745.043 Thread 0x0000027cc8d4e4a0 Implicit null exception at 0x0000027cf24d686b to 0x0000027cf24d6d10
Event: 8792.471 Thread 0x0000027cc8d4fee0 Exception <a 'java/lang/IncompatibleClassChangeError'{0x000000008a51f9b8}: Found class java.lang.Object, but interface was expected> (0x000000008a51f9b8) 
thrown [s\src\hotspot\share\interpreter\linkResolver.cpp, line 840]
Event: 8792.503 Thread 0x0000027cc8d4fee0 Exception <a 'java/lang/NoSuchMethodError'{0x000000008a5a6810}: 'java.lang.Object java.lang.invoke.Invokers$Holder.linkToTargetMethod(java.lang.Object, java.lang.Object, java.lang.Object, java.lang.Object, java.lang.Object, java.lang.Object, java.lang.Object, java.lang.Object, java.lang.Object, java.lang.Object, java.lang.Object, java.lang.Object, java.lang.Object, java.lang.Object, java.lang.Object, java.lang.Object, java.lang.Object)'> (0x000000008a5a6810) 
thrown [s\src\hotspot\share\interpreter\linkRes
Event: 10341.027 Thread 0x0000027cc8d53360 Exception <a 'java/lang/ArrayIndexOutOfBoundsException'{0x000000008778e440}: Index -1 out of bounds for length 128> (0x000000008778e440) 
thrown [s\src\hotspot\share\interpreter\interpreterRuntime.cpp, line 439]
Event: 10341.073 Thread 0x0000027cc8d53360 Exception <a 'java/lang/NoSuchMethodError'{0x0000000087796b70}: 'java.lang.Object java.lang.invoke.DirectMethodHandle$Holder.invokeStatic(java.lang.Object, int, int)'> (0x0000000087796b70) 
thrown [s\src\hotspot\share\interpreter\linkResolver.cpp, line 773]
Event: 10343.503 Thread 0x0000027cc8d51290 Exception <a 'java/lang/ArrayIndexOutOfBoundsException'{0x00000000876e2448}: Index -1 out of bounds for length 128> (0x00000000876e2448) 
thrown [s\src\hotspot\share\interpreter\interpreterRuntime.cpp, line 439]
Event: 10343.520 Thread 0x0000027cc8d4e4a0 Exception <a 'java/lang/ArrayIndexOutOfBoundsException'{0x000000008745a050}: Index -1 out of bounds for length 128> (0x000000008745a050) 
thrown [s\src\hotspot\share\interpreter\interpreterRuntime.cpp, line 439]

ZGC Phase Switch (0 events):
No events

VM Operations (20 events):
Event: 10335.772 Executing VM operation: Cleanup
Event: 10335.772 Executing VM operation: Cleanup done
Event: 10341.809 Executing VM operation: Cleanup
Event: 10341.809 Executing VM operation: Cleanup done
Event: 10343.827 Executing VM operation: Cleanup
Event: 10343.827 Executing VM operation: Cleanup done
Event: 10518.708 Executing VM operation: G1CollectForAllocation (G1 Evacuation Pause)
Event: 10518.780 Executing VM operation: G1CollectForAllocation (G1 Evacuation Pause) done
Event: 10519.347 Executing VM operation: G1PauseRemark
Event: 10520.150 Executing VM operation: G1PauseRemark done
Event: 10520.350 Executing VM operation: G1PauseCleanup
Event: 10520.350 Executing VM operation: G1PauseCleanup done
Event: 10541.942 Executing VM operation: HandshakeAllThreads (HandshakeForDeflation)
Event: 10541.942 Executing VM operation: HandshakeAllThreads (HandshakeForDeflation) done
Event: 10541.942 Executing VM operation: RendezvousGCThreads
Event: 10541.942 Executing VM operation: RendezvousGCThreads done
Event: 10698.915 Executing VM operation: Cleanup
Event: 10698.931 Executing VM operation: Cleanup done
Event: 10699.945 Executing VM operation: Cleanup
Event: 10699.945 Executing VM operation: Cleanup done

Memory protections (0 events):
No events

Nmethod flushes (20 events):
Event: 10520.119 Thread 0x0000027cfeb4afd0 flushing  nmethod 0x0000027ceb633110
Event: 10520.119 Thread 0x0000027cfeb4afd0 flushing  nmethod 0x0000027ceb636710
Event: 10520.119 Thread 0x0000027cfeb4afd0 flushing  nmethod 0x0000027ceb637c10
Event: 10520.120 Thread 0x0000027cfeb4afd0 flushing  nmethod 0x0000027ceb65a590
Event: 10520.120 Thread 0x0000027cfeb4afd0 flushing  nmethod 0x0000027ceb65ab10
Event: 10520.120 Thread 0x0000027cfeb4afd0 flushing  nmethod 0x0000027ceb65b110
Event: 10520.120 Thread 0x0000027cfeb4afd0 flushing  nmethod 0x0000027ceb65b710
Event: 10520.120 Thread 0x0000027cfeb4afd0 flushing  nmethod 0x0000027ceb65ff10
Event: 10520.120 Thread 0x0000027cfeb4afd0 flushing  nmethod 0x0000027ceb685690
Event: 10520.120 Thread 0x0000027cfeb4afd0 flushing  nmethod 0x0000027ceb685b10
Event: 10520.120 Thread 0x0000027cfeb4afd0 flushing  nmethod 0x0000027ceb686710
Event: 10520.120 Thread 0x0000027cfeb4afd0 flushing  nmethod 0x0000027ceb686f10
Event: 10520.120 Thread 0x0000027cfeb4afd0 flushing  nmethod 0x0000027ceb687990
Event: 10520.120 Thread 0x0000027cfeb4afd0 flushing  nmethod 0x0000027ceb688910
Event: 10520.120 Thread 0x0000027cfeb4afd0 flushing  nmethod 0x0000027ceb68a210
Event: 10520.120 Thread 0x0000027cfeb4afd0 flushing  nmethod 0x0000027ceb766710
Event: 10520.120 Thread 0x0000027cfeb4afd0 flushing  nmethod 0x0000027ceb8a1d10
Event: 10520.120 Thread 0x0000027cfeb4afd0 flushing  nmethod 0x0000027ceb963d10
Event: 10520.121 Thread 0x0000027cfeb4afd0 flushing  nmethod 0x0000027ceb9bd690
Event: 10520.121 Thread 0x0000027cfeb4afd0 flushing  nmethod 0x0000027cebb2ec10

Events (20 events):
Event: 8851.526 Thread 0x0000027cfeb87000 Thread added: 0x0000027cc699c3a0
Event: 8852.898 Thread 0x0000027cc699c3a0 Thread exited: 0x0000027cc699c3a0
Event: 9316.016 Thread 0x0000027cfeb81d60 Thread added: 0x0000027cc699c3a0
Event: 9321.054 Thread 0x0000027cc699c3a0 Thread exited: 0x0000027cc699c3a0
Event: 9324.491 Thread 0x0000027cfeb81d60 Thread added: 0x0000027cc699a860
Event: 9325.107 Thread 0x0000027cc699a860 Thread exited: 0x0000027cc699a860
Event: 9852.033 Thread 0x0000027cfecdf6a0 Thread added: 0x0000027cc5ee0230
Event: 9852.045 Thread 0x0000027cfecdf6a0 Thread added: 0x0000027cc5edcdb0
Event: 9858.028 Thread 0x0000027cc5ee0230 Thread exited: 0x0000027cc5ee0230
Event: 9858.035 Thread 0x0000027cc5edcdb0 Thread exited: 0x0000027cc5edcdb0
Event: 9891.738 Thread 0x0000027cfecdf6a0 Thread added: 0x0000027cc5edcdb0
Event: 9891.739 Thread 0x0000027cfecdf6a0 Thread added: 0x0000027cc5ee0230
Event: 9899.114 Thread 0x0000027cc5edcdb0 Thread exited: 0x0000027cc5edcdb0
Event: 9899.129 Thread 0x0000027cc5ee0230 Thread exited: 0x0000027cc5ee0230
Event: 9909.925 Thread 0x0000027cfecdf6a0 Thread added: 0x0000027cc5eddad0
Event: 9909.926 Thread 0x0000027cfecdf6a0 Thread added: 0x0000027cc5ee0230
Event: 9914.936 Thread 0x0000027cc5eddad0 Thread exited: 0x0000027cc5eddad0
Event: 9914.967 Thread 0x0000027cc5ee0230 Thread exited: 0x0000027cc5ee0230
Event: 10041.067 Thread 0x0000027cfeb87000 Thread added: 0x0000027cc699d140
Event: 10046.324 Thread 0x0000027cc699d140 Thread exited: 0x0000027cc699d140


Dynamic libraries:
0x00007ff6b2720000 - 0x00007ff6b272e000 	C:\Users\SAI KUMAR MONGAM\eclipse-jee-2025-06-R-win32-x86_64\eclipse\plugins\org.eclipse.justj.openjdk.hotspot.jre.full.win32.x86_64_21.0.8.v20250724-1412\jre\bin\javaw.exe
0x00007ffdeb260000 - 0x00007ffdeb4c6000 	C:\WINDOWS\SYSTEM32\ntdll.dll
0x00007ffdab870000 - 0x00007ffdab891000 	C:\Program Files\Avast Software\Avast\aswhook.dll
0x00007ffdea190000 - 0x00007ffdea259000 	C:\WINDOWS\System32\KERNEL32.DLL
0x00007ffde8720000 - 0x00007ffde8b1e000 	C:\WINDOWS\System32\KERNELBASE.dll
0x00007ffde8bf0000 - 0x00007ffde8d3c000 	C:\WINDOWS\System32\ucrtbase.dll
0x00007ffdd8c00000 - 0x00007ffdd8c18000 	C:\Users\SAI KUMAR MONGAM\eclipse-jee-2025-06-R-win32-x86_64\eclipse\plugins\org.eclipse.justj.openjdk.hotspot.jre.full.win32.x86_64_21.0.8.v20250724-1412\jre\bin\jli.dll
0x00007ffddf200000 - 0x00007ffddf21e000 	C:\Users\SAI KUMAR MONGAM\eclipse-jee-2025-06-R-win32-x86_64\eclipse\plugins\org.eclipse.justj.openjdk.hotspot.jre.full.win32.x86_64_21.0.8.v20250724-1412\jre\bin\VCRUNTIME140.dll
0x00007ffdea600000 - 0x00007ffdea7c7000 	C:\WINDOWS\System32\USER32.dll
0x00007ffde8f60000 - 0x00007ffde8f87000 	C:\WINDOWS\System32\win32u.dll
0x00007ffdcffd0000 - 0x00007ffdd0262000 	C:\WINDOWS\WinSxS\amd64_microsoft.windows.common-controls_6595b64144ccf1df_6.0.26100.8875_none_3e0d5d42e32fe9dd\COMCTL32.dll
0x00007ffdeb1f0000 - 0x00007ffdeb21b000 	C:\WINDOWS\System32\GDI32.dll
0x00007ffde9de0000 - 0x00007ffde9e89000 	C:\WINDOWS\System32\msvcrt.dll
0x00007ffde85f0000 - 0x00007ffde871a000 	C:\WINDOWS\System32\gdi32full.dll
0x00007ffde8540000 - 0x00007ffde85e3000 	C:\WINDOWS\System32\msvcp_win.dll
0x00007ffde9e90000 - 0x00007ffde9ec2000 	C:\WINDOWS\System32\IMM32.DLL
0x00007ffde4e20000 - 0x00007ffde4e2c000 	C:\Users\SAI KUMAR MONGAM\eclipse-jee-2025-06-R-win32-x86_64\eclipse\plugins\org.eclipse.justj.openjdk.hotspot.jre.full.win32.x86_64_21.0.8.v20250724-1412\jre\bin\vcruntime140_1.dll
0x00007ffd5bd00000 - 0x00007ffd5bd8d000 	C:\Users\SAI KUMAR MONGAM\eclipse-jee-2025-06-R-win32-x86_64\eclipse\plugins\org.eclipse.justj.openjdk.hotspot.jre.full.win32.x86_64_21.0.8.v20250724-1412\jre\bin\msvcp140.dll
0x00007ffd52bc0000 - 0x00007ffd53957000 	C:\Users\SAI KUMAR MONGAM\eclipse-jee-2025-06-R-win32-x86_64\eclipse\plugins\org.eclipse.justj.openjdk.hotspot.jre.full.win32.x86_64_21.0.8.v20250724-1412\jre\bin\server\jvm.dll
0x00007ffdea920000 - 0x00007ffdea9d7000 	C:\WINDOWS\System32\ADVAPI32.dll
0x00007ffde98d0000 - 0x00007ffde997a000 	C:\WINDOWS\System32\sechost.dll
0x00007ffde9ed0000 - 0x00007ffde9fe8000 	C:\WINDOWS\System32\RPCRT4.dll
0x00007ffdeaaf0000 - 0x00007ffdeab70000 	C:\WINDOWS\System32\WS2_32.dll
0x00007ffde82e0000 - 0x00007ffde833e000 	C:\WINDOWS\SYSTEM32\POWRPROF.dll
0x00007ffdddb30000 - 0x00007ffdddb3b000 	C:\WINDOWS\SYSTEM32\VERSION.dll
0x00007ffdd44e0000 - 0x00007ffdd4516000 	C:\WINDOWS\SYSTEM32\WINMM.dll
0x00007ffde82c0000 - 0x00007ffde82d4000 	C:\WINDOWS\SYSTEM32\UMPDC.dll
0x00007ffde7160000 - 0x00007ffde717b000 	C:\WINDOWS\SYSTEM32\kernel.appcore.dll
0x00007ffde1330000 - 0x00007ffde133a000 	C:\Users\SAI KUMAR MONGAM\eclipse-jee-2025-06-R-win32-x86_64\eclipse\plugins\org.eclipse.justj.openjdk.hotspot.jre.full.win32.x86_64_21.0.8.v20250724-1412\jre\bin\jimage.dll
0x00007ffde5a70000 - 0x00007ffde5cb2000 	C:\WINDOWS\SYSTEM32\DBGHELP.DLL
0x00007ffdea260000 - 0x00007ffdea5e3000 	C:\WINDOWS\System32\combase.dll
0x00007ffde9b20000 - 0x00007ffde9bf9000 	C:\WINDOWS\System32\OLEAUT32.dll
0x00007ffddabf0000 - 0x00007ffddac2b000 	C:\WINDOWS\SYSTEM32\dbgcore.DLL
0x00007ffde8b30000 - 0x00007ffde8bdc000 	C:\WINDOWS\System32\bcryptPrimitives.dll
0x00007ffdcdf50000 - 0x00007ffdcdf6f000 	C:\Users\SAI KUMAR MONGAM\eclipse-jee-2025-06-R-win32-x86_64\eclipse\plugins\org.eclipse.justj.openjdk.hotspot.jre.full.win32.x86_64_21.0.8.v20250724-1412\jre\bin\java.dll
0x00007ffde9130000 - 0x00007ffde98c2000 	C:\WINDOWS\System32\SHELL32.dll
0x00007ffde5f60000 - 0x00007ffde67f2000 	C:\WINDOWS\SYSTEM32\windows.storage.dll
0x00007ffde9030000 - 0x00007ffde9127000 	C:\WINDOWS\System32\SHCORE.dll
0x00007ffdea860000 - 0x00007ffdea8c7000 	C:\WINDOWS\System32\shlwapi.dll
0x00007ffde83a0000 - 0x00007ffde83c9000 	C:\WINDOWS\SYSTEM32\profapi.dll
0x00007ffdcd920000 - 0x00007ffdcd938000 	C:\Users\SAI KUMAR MONGAM\eclipse-jee-2025-06-R-win32-x86_64\eclipse\plugins\org.eclipse.justj.openjdk.hotspot.jre.full.win32.x86_64_21.0.8.v20250724-1412\jre\bin\zip.dll
0x00007ffddcb30000 - 0x00007ffddcb40000 	C:\Users\SAI KUMAR MONGAM\eclipse-jee-2025-06-R-win32-x86_64\eclipse\plugins\org.eclipse.justj.openjdk.hotspot.jre.full.win32.x86_64_21.0.8.v20250724-1412\jre\bin\net.dll
0x00007ffde05b0000 - 0x00007ffde06d7000 	C:\WINDOWS\SYSTEM32\WINHTTP.dll
0x00007ffde7710000 - 0x00007ffde777c000 	C:\WINDOWS\system32\mswsock.dll
0x00007ffd731d0000 - 0x00007ffd731e6000 	C:\Users\SAI KUMAR MONGAM\eclipse-jee-2025-06-R-win32-x86_64\eclipse\plugins\org.eclipse.justj.openjdk.hotspot.jre.full.win32.x86_64_21.0.8.v20250724-1412\jre\bin\nio.dll
0x00007ffd94920000 - 0x00007ffd9492e000 	C:\Users\SAI KUMAR MONGAM\eclipse-jee-2025-06-R-win32-x86_64\eclipse\plugins\org.eclipse.justj.openjdk.hotspot.jre.full.win32.x86_64_21.0.8.v20250724-1412\jre\bin\sunmscapi.dll
0x00007ffde8de0000 - 0x00007ffde8f58000 	C:\WINDOWS\System32\CRYPT32.dll
0x00007ffde7c50000 - 0x00007ffde7c80000 	C:\WINDOWS\SYSTEM32\ncrypt.dll
0x00007ffde7c00000 - 0x00007ffde7c3f000 	C:\WINDOWS\SYSTEM32\NTASN1.dll
0x00007ffde7a10000 - 0x00007ffde7a2b000 	C:\WINDOWS\SYSTEM32\CRYPTSP.dll
0x00007ffde70c0000 - 0x00007ffde70f9000 	C:\WINDOWS\system32\rsaenh.dll
0x00007ffde77d0000 - 0x00007ffde7802000 	C:\WINDOWS\SYSTEM32\USERENV.dll
0x00007ffde8370000 - 0x00007ffde839a000 	C:\WINDOWS\SYSTEM32\bcrypt.dll
0x00007ffde7a30000 - 0x00007ffde7a3c000 	C:\WINDOWS\SYSTEM32\CRYPTBASE.dll
0x00007ffde6b30000 - 0x00007ffde6b63000 	C:\WINDOWS\SYSTEM32\IPHLPAPI.DLL
0x00007ffde9020000 - 0x00007ffde902a000 	C:\WINDOWS\System32\NSI.dll
0x00007ffde3e80000 - 0x00007ffde3e8a000 	C:\Users\SAI KUMAR MONGAM\eclipse-jee-2025-06-R-win32-x86_64\eclipse\plugins\org.eclipse.justj.openjdk.hotspot.jre.full.win32.x86_64_21.0.8.v20250724-1412\jre\bin\management.dll
0x00007ffde1400000 - 0x00007ffde140b000 	C:\Users\SAI KUMAR MONGAM\eclipse-jee-2025-06-R-win32-x86_64\eclipse\plugins\org.eclipse.justj.openjdk.hotspot.jre.full.win32.x86_64_21.0.8.v20250724-1412\jre\bin\management_ext.dll
0x00007ffdea5f0000 - 0x00007ffdea5f8000 	C:\WINDOWS\System32\PSAPI.DLL
0x00007ffde6bc0000 - 0x00007ffde6d16000 	C:\WINDOWS\SYSTEM32\DNSAPI.dll
0x00007ffde74f0000 - 0x00007ffde74fd000 	C:\WINDOWS\SYSTEM32\DSPARSE.dll
0x00007ffddf6a0000 - 0x00007ffddf6ab000 	C:\Windows\System32\rasadhlp.dll
0x00007ffddf220000 - 0x00007ffddf2a6000 	C:\WINDOWS\System32\fwpuclnt.dll
0x00007ffdd0d90000 - 0x00007ffdd0d99000 	C:\Users\SAI KUMAR MONGAM\eclipse-jee-2025-06-R-win32-x86_64\eclipse\plugins\org.eclipse.justj.openjdk.hotspot.jre.full.win32.x86_64_21.0.8.v20250724-1412\jre\bin\extnet.dll
0x00007ffd957d0000 - 0x00007ffd957e0000 	C:\Users\SAI KUMAR MONGAM\eclipse-jee-2025-06-R-win32-x86_64\eclipse\plugins\org.eclipse.justj.openjdk.hotspot.jre.full.win32.x86_64_21.0.8.v20250724-1412\jre\bin\verify.dll
0x00007ffd98200000 - 0x00007ffd98208000 	C:\WINDOWS\system32\wshunix.dll

JVMTI agents: none

dbghelp: loaded successfully - version: 4.0.5 - missing functions: none
symbol engine: initialized successfully - sym options: 0x614 - pdb path: .;C:\Users\SAI KUMAR MONGAM\eclipse-jee-2025-06-R-win32-x86_64\eclipse\plugins\org.eclipse.justj.openjdk.hotspot.jre.full.win32.x86_64_21.0.8.v20250724-1412\jre\bin;C:\WINDOWS\SYSTEM32;C:\Program Files\Avast Software\Avast;C:\WINDOWS\WinSxS\amd64_microsoft.windows.common-controls_6595b64144ccf1df_6.0.26100.8875_none_3e0d5d42e32fe9dd;C:\Users\SAI KUMAR MONGAM\eclipse-jee-2025-06-R-win32-x86_64\eclipse\plugins\org.eclipse.justj.openjdk.hotspot.jre.full.win32.x86_64_21.0.8.v20250724-1412\jre\bin\server

VM Arguments:
jvm_args: -Dfile.encoding=UTF-8 -Dstdout.encoding=UTF-8 -Dstderr.encoding=UTF-8 -XX:+ShowCodeDetailsInExceptionMessages 
java_command: com.shopzen.ecommerce_api.EcommerceApiApplication
java_class_path (initial): C:\Users\SAI KUMAR MONGAM\Downloads\ecommerce-api\ecommerce-api\target\classes;C:\Users\SAI KUMAR MONGAM\.m2\repository\org\springframework\boot\spring-boot-starter-web\3.2.4\spring-boot-starter-web-3.2.4.jar;C:\Users\SAI KUMAR MONGAM\.m2\repository\org\springframework\boot\spring-boot-starter\3.2.4\spring-boot-starter-3.2.4.jar;C:\Users\SAI KUMAR MONGAM\.m2\repository\org\springframework\boot\spring-boot\3.2.4\spring-boot-3.2.4.jar;C:\Users\SAI KUMAR MONGAM\.m2\repository\org\springframework\boot\spring-boot-autoconfigure\3.2.4\spring-boot-autoconfigure-3.2.4.jar;C:\Users\SAI KUMAR MONGAM\.m2\repository\org\springframework\boot\spring-boot-starter-logging\3.2.4\spring-boot-starter-logging-3.2.4.jar;C:\Users\SAI KUMAR MONGAM\.m2\repository\ch\qos\logback\logback-classic\1.4.14\logback-classic-1.4.14.jar;C:\Users\SAI KUMAR MONGAM\.m2\repository\ch\qos\logback\logback-core\1.4.14\logback-core-1.4.14.jar;C:\Users\SAI KUMAR MONGAM\.m2\repository\org\apache\logging\log4j\log4j-to-slf4j\2.21.1\log4j-to-slf4j-2.21.1.jar;C:\Users\SAI KUMAR MONGAM\.m2\repository\org\apache\logging\log4j\log4j-api\2.21.1\log4j-api-2.21.1.jar;C:\Users\SAI KUMAR MONGAM\.m2\repository\org\slf4j\jul-to-slf4j\2.0.12\jul-to-slf4j-2.0.12.jar;C:\Users\SAI KUMAR MONGAM\.m2\repository\jakarta\annotation\jakarta.annotation-api\2.1.1\jakarta.annotation-api-2.1.1.jar;C:\Users\SAI KUMAR MONGAM\.m2\repository\org\yaml\snakeyaml\2.2\snakeyaml-2.2.jar;C:\Users\SAI KUMAR MONGAM\.m2\repository\org\springframework\boot\spring-boot-starter-json\3.2.4\spring-boot-starter-json-3.2.4.jar;C:\Users\SAI KUMAR MONGAM\.m2\repository\com\fasterxml\jackson\datatype\jackson-datatype-jdk8\2.15.4\jackson-datatype-jdk8-2.15.4.jar;C:\Users\SAI KUMAR MONGAM\.m2\repository\com\fasterxml\jackson\datatype\jackson-datatype-jsr310\2.15.4\jackson-datatype-jsr310-2.15.4.jar;C:\Users\SAI KUMAR MONGAM\.m2\repository\com\fasterxml\jackson\module\jackson-module-parameter-names\2.15.4\jackson-module-parameter-names-2.15.4.jar;C:\Users\SAI KUMAR MONGAM\.m2\repository\org\springframework\boot\spring-boot-starter-tomcat\3.2.4\spring-boot-starter-tomcat-3.2.4.jar;C:\Users\SAI KUMAR MONGAM\.m2\repository\org\apache\tomcat\embed\tomcat-embed-core\10.1.19\tomcat-embed-core-10.1.19.jar;C:\Users\SAI KUMAR MONGAM\.m2\repository\org\apache\tomcat\embed\tomcat-embed-websocket\10.1.19\tomcat-embed-websocket-10.1.19.jar;C:\Users\SAI KUMAR MONGAM\.m2\repository\org\springframework\spring-web\6.1.5\spring-web-6.1.5.jar;C:\Users\SAI KUMAR MONGAM\.m2\repository\org\springframework\spring-beans\6.1.5\spring-beans-6.1.5.jar;C:\Users\SAI KUMAR MONGAM\.m2\repository\io\micrometer\micrometer-observation\1.12.4\micrometer-observation-1.12.4.jar;C:\Users\SAI KUMAR MONGAM\.m2\repository\io\micrometer\micrometer-commons\1.12.4\micrometer-commons-1.12.4.jar;C:\Users\SAI KUMAR MONGAM\.m2\repository\org\springframework\spring-webmvc\6.1.5\spring-webmvc-6.1.5.jar;C:\Users\SAI KUMAR MONGAM\.m2\repository\org\springframework\spring-context\6.1.5\spring-context-6.1.5.jar;C:\Users\SAI KUMAR MONGAM\.m2\repository\org\springframework\spring-expression\6.1.5\spring-expression-6.1.5.jar;C:\Users\SAI KUMAR MONGAM\.m2\repository\org\springframework\boot\spring-boot-starter-data-jpa\3.2.4\spring-boot-starter-data-jpa-3.2.4.jar;C:\Users\SAI KUMAR MONGAM\.m2\repository\org\springframework\boot\spring-boot-starter-aop\3.2.4\spring-boot-starter-aop-3.2.4.jar;C:\Users\SAI KUMAR MONGAM\.m2\repository\org\aspectj\aspectjweaver\1.9.21\aspectjweaver-1.9.21.jar;C:\Users\SAI KUMAR MONGAM\.m2\repository\org\springframework\boot\spring-boot-starter-jdbc\3.2.4\spring-boot-starter-jdbc-3.2.4.jar;C:\Users\SAI KUMAR MONGAM\.m2\repository\com\zaxxer\HikariCP\5.0.1\HikariCP-5.0.1.jar;C:\Users\SAI KUMAR MONGAM\.m2\repository\org\springframework\spring-jdbc\6.1.5\spring-jdbc-6.1.5.jar;C:\Users\SAI KUMAR MONGAM\.m2\repository\org\hibernate\orm\hibernate-core\6.4.4.Final\hibernate-core-6.4.4.Final.jar;C:\Users\SAI KUMAR MONGAM\.m2\repository\jakarta\persistence\jakarta.persistence-api\3.1.0\jakarta.persistence-api-3.1.0.jar;C:\Users\SAI KUMAR MONGAM\.m2\repository\jakarta\transaction\jakarta.transaction-api\2.0.1\jakarta.transaction-api-2.0.1.jar;C:\Users\SAI KUMAR MONGAM\.m2\repository\org\jboss\logging\jboss-logging\3.5.3.Final\jboss-logging-3.5.3.Final.jar;C:\Users\SAI KUMAR MONGAM\.m2\repository\org\hibernate\common\hibernate-commons-annotations\6.0.6.Final\hibernate-commons-annotations-6.0.6.Final.jar;C:\Users\SAI KUMAR MONGAM\.m2\repository\io\smallrye\jandex\3.1.2\jandex-3.1.2.jar;C:\Users\SAI KUMAR MONGAM\.m2\repository\com\fasterxml\classmate\1.6.0\classmate-1.6.0.jar;C:\Users\SAI KUMAR MONGAM\.m2\repository\net\bytebuddy\byte-buddy\1.14.12\byte-buddy-1.14.12.jar;C:\Users\SAI KUMAR MONGAM\.m2\repository\org\glassfish\jaxb\jaxb-runtime\4.0.5\jaxb-runtime-4.0.5.jar;C:\Users\SAI KUMAR MONGAM\.m2\repository\org\glassfish\jaxb\jaxb-core\4.0.5\jaxb-core-4.0.5.jar;C:\Users\SAI KUMAR MONGAM\.m2\repository\org\glassfish\jaxb\txw2\4.0.5\txw2-4.0.5.jar;C:\Users\SAI KUMAR MONGAM\.m2\repository\com\sun\istack\istack-commons-runtime\4.1.2\istack-commons-runtime-4.1.2.jar;C:\Users\SAI KUMAR MONGAM\.m2\repository\jakarta\inject\jakarta.inject-api\2.0.1\jakarta.inject-api-2.0.1.jar;C:\Users\SAI KUMAR MONGAM\.m2\repository\org\antlr\antlr4-runtime\4.13.0\antlr4-runtime-4.13.0.jar;C:\Users\SAI KUMAR MONGAM\.m2\repository\org\springframework\data\spring-data-jpa\3.2.4\spring-data-jpa-3.2.4.jar;C:\Users\SAI KUMAR MONGAM\.m2\repository\org\springframework\data\spring-data-commons\3.2.4\spring-data-commons-3.2.4.jar;C:\Users\SAI KUMAR MONGAM\.m2\repository\org\springframework\spring-orm\6.1.5\spring-orm-6.1.5.jar;C:\Users\SAI KUMAR MONGAM\.m2\repository\org\springframework\spring-tx\6.1.5\spring-tx-6.1.5.jar;C:\Users\SAI KUMAR MONGAM\.m2\repository\org\slf4j\slf4j-api\2.0.12\slf4j-api-2.0.12.jar;C:\Users\SAI KUMAR MONGAM\.m2\repository\org\springframework\spring-aspects\6.1.5\spring-aspects-6.1.5.jar;C:\Users\SAI KUMAR MONGAM\.m2\repository\org\springframework\boot\spring-boot-starter-security\3.2.4\spring-boot-starter-security-3.2.4.jar;C:\Users\SAI KUMAR MONGAM\.m2\repository\org\springframework\spring-aop\6.1.5\spring-aop-6.1.5.jar;C:\Users\SAI KUMAR MONGAM\.m2\repository\org\springframework\security\spring-security-config\6.2.3\spring-security-config-6.2.3.jar;C:\Users\SAI KUMAR MONGAM\.m2\repository\org\springframework\security\spring-security-web\6.2.3\spring-security-web-6.2.3.jar;C:\Users\SAI KUMAR MONGAM\.m2\repository\org\springframework\boot\spring-boot-starter-validation\3.2.4\spring-boot-starter-validation-3.2.4.jar;C:\Users\SAI KUMAR MONGAM\.m2\repository\org\apache\tomcat\embed\tomcat-embed-el\10.1.19\tomcat-embed-el-10.1.19.jar;C:\Users\SAI KUMAR MONGAM\.m2\repository\org\hibernate\validator\hibernate-validator\8.0.1.Final\hibernate-validator-8.0.1.Final.jar;C:\Users\SAI KUMAR MONGAM\.m2\repository\jakarta\validation\jakarta.validation-api\3.0.2\jakarta.validation-api-3.0.2.jar;C:\Users\SAI KUMAR MONGAM\.m2\repository\org\springframework\boot\spring-boot-starter-mail\3.2.4\spring-boot-starter-mail-3.2.4.jar;C:\Users\SAI KUMAR MONGAM\.m2\repository\org\springframework\spring-context-support\6.1.5\spring-context-support-6.1.5.jar;C:\Users\SAI KUMAR MONGAM\.m2\repository\org\eclipse\angus\jakarta.mail\2.0.3\jakarta.mail-2.0.3.jar;C:\Users\SAI KUMAR MONGAM\.m2\repository\jakarta\activation\jakarta.activation-api\2.1.3\jakarta.activation-api-2.1.3.jar;C:\Users\SAI KUMAR MONGAM\.m2\repository\org\eclipse\angus\angus-activation\2.0.2\angus-activation-2.0.2.jar;C:\Users\SAI KUMAR MONGAM\.m2\repository\com\mysql\mysql-connector-j\8.3.0\mysql-connector-j-8.3.0.jar;C:\Users\SAI KUMAR MONGAM\.m2\repository\org\flywaydb\flyway-core\10.11.1\flyway-core-10.11.1.jar;C:\Users\SAI KUMAR MONGAM\.m2\repository\com\fasterxml\jackson\dataformat\jackson-dataformat-toml\2.15.4\jackson-dataformat-toml-2.15.4.jar;C:\Users\SAI KUMAR MONGAM\.m2\repository\com\fasterxml\jackson\core\jackson-core\2.15.4\jackson-core-2.15.4.jar;C:\Users\SAI KUMAR MONGAM\.m2\repository\com\google\code\gson\gson\2.10.1\gson-2.10.1.jar;C:\Users\SAI KUMAR MONGAM\.m2\repository\org\flywaydb\flyway-mysql\10.11.1\flyway-mysql-10.11.1.jar;C:\Users\SAI KUMAR MONGAM\.m2\repository\com\h2database\h2\2.2.224\h2-2.2.224.jar;C:\Users\SAI KUMAR MONGAM\.m2\repository\io\jsonwebtoken\jjwt-api\0.12.5\jjwt-api-0.12.5.jar;C:\Users\SAI KUMAR MONGAM\.m2\repository\io\jsonwebtoken\jjwt-impl\0.12.5\jjwt-impl-0.12.5.jar;C:\Users\SAI KUMAR MONGAM\.m2\repository\io\jsonwebtoken\jjwt-jackson\0.12.5\jjwt-jackson-0.12.5.jar;C:\Users\SAI KUMAR MONGAM\.m2\repository\com\fasterxml\jackson\core\jackson-databind\2.15.4\jackson-databind-2.15.4.jar;C:\Users\SAI KUMAR MONGAM\.m2\repository\com\fasterxml\jackson\core\jackson-annotations\2.15.4\jackson-annotations-2.15.4.jar;C:\Users\SAI KUMAR MONGAM\.m2\repository\org\projectlombok\lombok\1.18.30\lombok-1.18.30.jar;C:\Users\SAI KUMAR MONGAM\.m2\repository\org\mapstruct\mapstruct\1.5.5.Final\mapstruct-1.5.5.Final.jar;C:\Users\SAI KUMAR MONGAM\.m2\repository\org\mapstruct\mapstruct-processor\1.5.5.Final\mapstruct-processor-1.5.5.Final.jar;C:\Users\SAI KUMAR MONGAM\.m2\repository\io\hypersistence\hypersistence-utils-hibernate-63\3.9.5\hypersistence-utils-hibernate-63-3.9.5.jar;C:\Users\SAI KUMAR MONGAM\.m2\repository\jakarta\xml\bind\jakarta.xml.bind-api\4.0.2\jakarta.xml.bind-api-4.0.2.jar;C:\Users\SAI KUMAR MONGAM\.m2\repository\io\hypersistence\hypersistence-tsid\2.1.4\hypersistence-tsid-2.1.4.jar;C:\Users\SAI KUMAR MONGAM\.m2\repository\org\apache\commons\commons-lang3\3.13.0\commons-lang3-3.13.0.jar;C:\Users\SAI KUMAR MONGAM\.m2\repository\org\springdoc\springdoc-openapi-starter-webmvc-ui\2.5.0\springdoc-openapi-starter-webmvc-ui-2.5.0.jar;C:\Users\SAI KUMAR MONGAM\.m2\repository\org\springdoc\springdoc-openapi-starter-webmvc-api\2.5.0\springdoc-openapi-starter-webmvc-api-2.5.0.jar;C:\Users\SAI KUMAR MONGAM\.m2\repository\org\springdoc\springdoc-openapi-starter-common\2.5.0\springdoc-openapi-starter-common-2.5.0.jar;C:\Users\SAI KUMAR MONGAM\.m2\repository\io\swagger\core\v3\swagger-core-jakarta\2.2.21\swagger-core-jakarta-2.2.21.jar;C:\Users\SAI KUMAR MONGAM\.m2\repository\io\swagger\core\v3\swagger-annotations-jakarta\2.2.21\swagger-annotations-jakarta-2.2.21.jar;C:\Users\SAI KUMAR MONGAM\.m2\repository\io\swagger\core\v3\swagger-models-jakarta\2.2.21\swagger-models-jakarta-2.2.21.jar;C:\Users\SAI KUMAR MONGAM\.m2\repository\com\fasterxml\jackson\dataformat\jackson-dataformat-yaml\2.15.4\jackson-dataformat-yaml-2.15.4.jar;C:\Users\SAI KUMAR MONGAM\.m2\repository\org\webjars\swagger-ui\5.13.0\swagger-ui-5.13.0.jar;C:\Users\SAI KUMAR MONGAM\.m2\repository\org\springframework\spring-core\6.1.5\spring-core-6.1.5.jar;C:\Users\SAI KUMAR MONGAM\.m2\repository\org\springframework\spring-jcl\6.1.5\spring-jcl-6.1.5.jar;C:\Users\SAI KUMAR MONGAM\.m2\repository\org\springframework\security\spring-security-core\6.2.3\spring-security-core-6.2.3.jar;C:\Users\SAI KUMAR MONGAM\.m2\repository\org\springframework\security\spring-security-crypto\6.2.3\spring-security-crypto-6.2.3.jar;C:\Users\SAI KUMAR MONGAM\.m2\repository\com\razorpay\razorpay-java\1.4.3\razorpay-java-1.4.3.jar;C:\Users\SAI KUMAR MONGAM\.m2\repository\org\json\json\20180130\json-20180130.jar;C:\Users\SAI KUMAR MONGAM\.m2\repository\com\squareup\okhttp3\okhttp\4.12.0\okhttp-4.12.0.jar;C:\Users\SAI KUMAR MONGAM\.m2\repository\com\squareup\okio\okio\3.6.0\okio-3.6.0.jar;C:\Users\SAI KUMAR MONGAM\.m2\repository\com\squareup\okio\okio-jvm\3.6.0\okio-jvm-3.6.0.jar;C:\Users\SAI KUMAR MONGAM\.m2\repository\org\jetbrains\kotlin\kotlin-stdlib-common\1.9.23\kotlin-stdlib-common-1.9.23.jar;C:\Users\SAI KUMAR MONGAM\.m2\repository\org\jetbrains\kotlin\kotlin-stdlib-jdk8\1.9.23\kotlin-stdlib-jdk8-1.9.23.jar;C:\Users\SAI KUMAR MONGAM\.m2\repository\org\jetbrains\kotlin\kotlin-stdlib\1.9.23\kotlin-stdlib-1.9.23.jar;C:\Users\SAI KUMAR MONGAM\.m2\repository\org\jetbrains\annotations\13.0\annotations-13.0.jar;C:\Users\SAI KUMAR MONGAM\.m2\repository\org\jetbrains\kotlin\kotlin-stdlib-jdk7\1.9.23\kotlin-stdlib-jdk7-1.9.23.jar;C:\Users\SAI KUMAR MONGAM\.m2\repository\com\squareup\okhttp3\logging-interceptor\4.12.0\logging-interceptor-4.12.0.jar;C:\Users\SAI KUMAR MONGAM\.m2\repository\commons-codec\commons-codec\1.16.1\commons-codec-1.16.1.jar;C:\Users\SAI KUMAR MONGAM\.m2\repository\org\apache\commons\commons-text\1.3\commons-text-1.3.jar
Launcher Type: SUN_STANDARD

[Global flags]
     intx CICompilerCount                          = 4                                         {product} {ergonomic}
     uint ConcGCThreads                            = 2                                         {product} {ergonomic}
     uint G1ConcRefinementThreads                  = 8                                         {product} {ergonomic}
   size_t G1HeapRegionSize                         = 1048576                                   {product} {ergonomic}
    uintx GCDrainStackTargetSize                   = 64                                        {product} {ergonomic}
   size_t InitialHeapSize                          = 132120576                                 {product} {ergonomic}
   size_t MarkStackSize                            = 4194304                                   {product} {ergonomic}
   size_t MaxHeapSize                              = 2105540608                                {product} {ergonomic}
   size_t MaxNewSize                               = 1262485504                                {product} {ergonomic}
   size_t MinHeapDeltaBytes                        = 1048576                                   {product} {ergonomic}
   size_t MinHeapSize                              = 8388608                                   {product} {ergonomic}
    uintx NonNMethodCodeHeapSize                   = 5839372                                {pd product} {ergonomic}
    uintx NonProfiledCodeHeapSize                  = 122909434                              {pd product} {ergonomic}
    uintx ProfiledCodeHeapSize                     = 122909434                              {pd product} {ergonomic}
    uintx ReservedCodeCacheSize                    = 251658240                              {pd product} {ergonomic}
     bool SegmentedCodeCache                       = true                                      {product} {ergonomic}
     bool ShowCodeDetailsInExceptionMessages       = true                                   {manageable} {command line}
   size_t SoftMaxHeapSize                          = 2105540608                             {manageable} {ergonomic}
     bool UseCompressedOops                        = true                           {product lp64_product} {ergonomic}
     bool UseG1GC                                  = true                                      {product} {ergonomic}
     bool UseLargePagesIndividualAllocation        = false                                  {pd product} {ergonomic}

Logging:
Log output configuration:
 #0: stdout all=warning uptime,level,tags foldmultilines=false
 #1: stderr all=off uptime,level,tags foldmultilines=false

Environment Variables:
PATH=C:/Users/SAI KUMAR MONGAM/eclipse-jee-2025-06-R-win32-x86_64/eclipse//plugins/org.eclipse.justj.openjdk.hotspot.jre.full.win32.x86_64_21.0.8.v20250724-1412/jre/bin/server;C:/Users/SAI KUMAR MONGAM/eclipse-jee-2025-06-R-win32-x86_64/eclipse//plugins/org.eclipse.justj.openjdk.hotspot.jre.full.win32.x86_64_21.0.8.v20250724-1412/jre/bin;C:\Program Files (x86)\Common Files\Oracle\Java\javapath;C:\Windows\system32;C:\Windows;C:\Windows\System32\Wbem;C:\Windows\System32\WindowsPowerShell\v1.0\;C:\Windows\System32\OpenSSH\;C:\Program Files (x86)\NVIDIA Corporation\PhysX\Common;C:\WINDOWS\system32;C:\WINDOWS;C:\WINDOWS\System32\Wbem;C:\WINDOWS\System32\WindowsPowerShell\v1.0\;C:\WINDOWS\System32\OpenSSH\;C:\Program Files\NVIDIA Corporation\NVIDIA app\NvDLISR;C:\Program Files\MySQL\MySQL Server 8.0\bin;C:\Program Files\nodejs\;C:\Program Files\Git\cmd;C:\Program Files\MySQL\MySQL Shell 8.0\bin\;C:\Users\SAI KUMAR MONGAM\AppData\Local\Programs\Python\Python312\Scripts\;C:\Users\SAI KUMAR MONGAM\AppData\Local\Programs\Python\Python312\;C:\Users\SAI KUMAR MONGAM\AppData\Local\Programs\Python\Launcher\;C:\Users\SAI KUMAR MONGAM\AppData\Local\Programs\Python\Python310\Scripts\;C:\Users\SAI KUMAR MONGAM\AppData\Local\Programs\Python\Python310\;C:\Users\SAI KUMAR MONGAM\AppData\Local\Microsoft\WindowsApps;C:\Users\SAI KUMAR MONGAM\AppData\Local\Programs\Microsoft VS Code\bin;C:\Users\SAI KUMAR MONGAM\AppData\Local\Programs\Python\Python312\Scripts;C:\Users\SAI KUMAR MONGAM\AppData\Roaming\npm;C:\Users\SAI KUMAR MONGAM\AppData\Local\Kingsoft\WPS Office\12.1.0.27458\clitool;C:\Users\SAI KUMAR MONGAM\eclipse-jee-2025-06-R-win32-x86_64\eclipse;
USERNAME=SAI KUMAR MONGAM
OS=Windows_NT
PROCESSOR_IDENTIFIER=Intel64 Family 6 Model 165 Stepping 2, GenuineIntel
TMP=C:\Users\SAIKUM~1\AppData\Local\Temp
TEMP=C:\Users\SAIKUM~1\AppData\Local\Temp




Periodic native trim disabled

---------------  S Y S T E M  ---------------

OS:
 Windows 11 , 64 bit Build 26100 (10.0.26100.8875)
OS uptime: 4 days 4:42 hours

CPU: total 8 (initial active 8) (4 cores per cpu, 2 threads per core) family 6 model 165 stepping 2 microcode 0xe0, cx8, cmov, fxsr, ht, mmx, 3dnowpref, sse, sse2, sse3, ssse3, sse4.1, sse4.2, popcnt, lzcnt, tsc, tscinvbit, avx, avx2, aes, erms, clmul, bmi1, bmi2, adx, fma, vzeroupper, clflush, clflushopt, rdtscp, f16c, pku
Processor Information for the first 8 processors :
  Max Mhz: 2496, Current Mhz: 2496, Mhz Limit: 2496

Memory: 4k page, system-wide physical 8029M (186M free)
TotalPageFile size 23029M (AvailPageFile size 2M)
current process WorkingSet (physical memory assigned to process): 116M, peak: 395M
current process commit charge ("private bytes"): 456M, peak: 459M

vm_info: OpenJDK 64-Bit Server VM (21.0.8+9-LTS) for windows-amd64 JRE (21.0.8+9-LTS), built on 2025-07-15T00:00:00Z by "admin" with MS VC++ 17.7 (VS2022)

END.
